[+] Containers:
 |- [+] Container: /Game/Dynamic/ThirdPerson/Maps/ThirdPersonMap
 |   |- [+] ActorDescs:
 |   |   |- Guid:04F2DE83491BACE7AA162BA986CBCCE4 BaseClass: NativeClass:/Script/Engine.StaticMeshActor Name:StaticMeshActor_UAID_4CD717924AA7A85002_1678582559 Label:Cube14 SpatiallyLoaded:1 Bounds:IsValid=true, Min=(X=2645.000 Y=1445.257 Z=722.379), Max=(X=2695.000 Y=1814.743 Z=897.621) RuntimeGrid:None EditorOnly:0 RuntimeOnly:0 HLODRelevant:1 ListedInSceneOutliner:1 IsMainWorldOnly:0
 |   |   |- Guid:0A9489C04EEAB8CE99ECB28A3BBD5A03 BaseClass: NativeClass:/Script/Engine.StaticMeshActor Name:StaticMeshActor_UAID_08BFB86ED1B9AA5202_2067002007 Label:LP_Floor SpatiallyLoaded:1 Bounds:IsValid=true, Min=(X=1910.000 Y=3750.000 Z=0.000), Max=(X=1910.000 Y=3750.000 Z=0.000) RuntimeGrid:None EditorOnly:0 RuntimeOnly:0 HLODRelevant:0 ListedInSceneOutliner:1 IsMainWorldOnly:0
 |   |   |- Guid:12A90F4E49344DC7E87644BE011CD4F4 BaseClass: NativeClass:/Script/Engine.StaticMeshActor Name:StaticMeshActor_UAID_4CD717924AA7A75002_1801142370 Label:Cube4 SpatiallyLoaded:1 Bounds:IsValid=true, Min=(X=2417.500 Y=3865.500 Z=-5.000), Max=(X=2992.500 Y=3990.500 Z=1095.000) RuntimeGrid:None EditorOnly:0 RuntimeOnly:0 HLODRelevant:1 ListedInSceneOutliner:1 IsMainWorldOnly:0
 |   |   |- Guid:1D855BFE430AC1562B86BEBE102060FC BaseClass: NativeClass:/Script/Engine.StaticMeshActor Name:StaticMeshActor_UAID_4CD717924AA7A85002_1891508564 Label:Cube19 SpatiallyLoaded:1 Bounds:IsValid=true, Min=(X=2671.786 Y=3993.214 Z=-16.667), Max=(X=2896.786 Y=4218.214 Z=183.333) RuntimeGrid:None EditorOnly:0 RuntimeOnly:0 HLODRelevant:1 ListedInSceneOutliner:1 IsMainWorldOnly:0
 |   |   |- Guid:2887E2BA4608F7FCC1303F8EEC1B1719 BaseClass: NativeClass:/Script/Engine.StaticMeshActor Name:StaticMeshActor_UAID_4CD717924AA7A85002_1596917555 Label:Cube11 SpatiallyLoaded:1 Bounds:IsValid=true, Min=(X=2620.000 Y=1420.000 Z=557.500), Max=(X=2720.000 Y=1520.000 Z=582.500) RuntimeGrid:None EditorOnly:0 RuntimeOnly:0 HLODRelevant:1 ListedInSceneOutliner:1 IsMainWorldOnly:0
 |   |   |- Guid:2FB58999456391D349DC0F86DAC136ED BaseClass: NativeClass:/Script/Engine.SkyLight Name:SkyLight_1 Label:SkyLight SpatiallyLoaded:0 Bounds:IsValid=true, Min=(X=2977.512 Y=2095.085 Z=739.696), Max=(X=2977.512 Y=2095.085 Z=739.696) RuntimeGrid:None EditorOnly:0 RuntimeOnly:0 HLODRelevant:0 ListedInSceneOutliner:1 IsMainWorldOnly:0 FolderPath:Lighting FolderGuid:963EC3EB4002CCE9759E2EBA541A873A
 |   |   |- Guid:316CF2A6494ACA4C0E4180A87D36AB8F BaseClass: NativeClass:/Script/Engine.ExponentialHeightFog Name:ExponentialHeightFog_0 Label:ExponentialHeightFog SpatiallyLoaded:0 Bounds:IsValid=true, Min=(X=-5600.000 Y=-50.000 Z=-6850.000), Max=(X=-5600.000 Y=-50.000 Z=-6850.000) RuntimeGrid:None EditorOnly:0 RuntimeOnly:0 HLODRelevant:0 ListedInSceneOutliner:1 IsMainWorldOnly:0 FolderPath:Lighting FolderGuid:963EC3EB4002CCE9759E2EBA541A873A
 |   |   |- Guid:3A0DD0CF4F250AB15F9892838E5EDBC5 BaseClass: NativeClass:/Script/Engine.StaticMeshActor Name:StaticMeshActor_UAID_4CD717924AA7A85002_1842724563 Label:Cube18 SpatiallyLoaded:1 Bounds:IsValid=true, Min=(X=2412.786 Y=4409.850 Z=-5.000), Max=(X=2797.214 Y=4570.150 Z=1095.000) RuntimeGrid:None EditorOnly:0 RuntimeOnly:0 HLODRelevant:1 ListedInSceneOutliner:1 IsMainWorldOnly:0
 |   |   |- Guid:3DAA7BA34C9A35839C3419A54DA9D5F6 BaseClass: NativeClass:/Script/Engine.StaticMeshActor Name:StaticMeshActor_UAID_4CD717924AA7A75002_1349178368 Label:Cube2 SpatiallyLoaded:1 Bounds:IsValid=true, Min=(X=2417.000 Y=1240.500 Z=415.000), Max=(X=2917.000 Y=3865.500 Z=465.000) RuntimeGrid:None EditorOnly:0 RuntimeOnly:0 HLODRelevant:1 ListedInSceneOutliner:1 IsMainWorldOnly:0
 |   |   |- Guid:43815E84492231AFC407F59E3C28176B BaseClass: NativeClass:/Script/Engine.StaticMeshActor Name:StaticMeshActor_4 Label:SM_Cube6 SpatiallyLoaded:1 Bounds:IsValid=true, Min=(X=2895.000 Y=1240.000 Z=-14.894), Max=(X=2995.000 Y=4815.000 Z=1360.106) RuntimeGrid:None EditorOnly:0 RuntimeOnly:0 HLODRelevant:1 ListedInSceneOutliner:1 IsMainWorldOnly:0 FolderPath:Playground FolderGuid:C73F09FC4215536B1DCE2A9E0A830C70
 |   |   |- Guid:4919CBBC45B51ABD9361529FF6CD8154 BaseClass: NativeClass:/Script/Engine.StaticMeshActor Name:StaticMeshActor_UAID_4CD717924AA7A85002_1916738565 Label:Cube20 SpatiallyLoaded:1 Bounds:IsValid=true, Min=(X=2722.500 Y=4217.500 Z=-25.000), Max=(X=2897.500 Y=4392.500 Z=125.000) RuntimeGrid:None EditorOnly:0 RuntimeOnly:0 HLODRelevant:1 ListedInSceneOutliner:1 IsMainWorldOnly:0
 |   |   |- Guid:4D3BE93F4146AAAC8BBE79999D96D57F BaseClass: NativeClass:/Script/Engine.VolumetricCloud Name:VolumetricCloud_0 Label:VolumetricCloud SpatiallyLoaded:0 Bounds:IsValid=true, Min=(X=5170.000 Y=0.000 Z=820.000), Max=(X=5170.000 Y=0.000 Z=820.000) RuntimeGrid:None EditorOnly:0 RuntimeOnly:0 HLODRelevant:0 ListedInSceneOutliner:1 IsMainWorldOnly:0 FolderPath:Lighting FolderGuid:963EC3EB4002CCE9759E2EBA541A873A
 |   |   |- Guid:5905D6BB45C2F337C3DC84A818C6EA41 BaseClass: NativeClass:/Script/Engine.StaticMeshActor Name:StaticMeshActor_UAID_4CD717924AA7A95002_2043730750 Label:Cone2 SpatiallyLoaded:1 Bounds:IsValid=true, Min=(X=2416.692 Y=3663.308 Z=737.548), Max=(X=2663.308 Y=3916.692 Z=942.452) RuntimeGrid:None EditorOnly:0 RuntimeOnly:0 HLODRelevant:1 ListedInSceneOutliner:1 IsMainWorldOnly:0
 |   |   |- Guid:5E83C6C44A82163C30710DB5447769D4 BaseClass: NativeClass:/Script/Engine.StaticMeshActor Name:StaticMeshActor_UAID_4CD717924AA7A85002_1778259562 Label:Cube17 SpatiallyLoaded:1 Bounds:IsValid=true, Min=(X=2762.676 Y=3443.025 Z=457.500), Max=(X=2897.324 Y=3756.975 Z=782.500) RuntimeGrid:None EditorOnly:0 RuntimeOnly:0 HLODRelevant:1 ListedInSceneOutliner:1 IsMainWorldOnly:0
 |   |   |- Guid:6BAF4DDD444C60371492D3919DB42C97 BaseClass: NativeClass:/Script/Engine.WorldDataLayers Name:WorldDataLayers Label:WorldDataLayers SpatiallyLoaded:0 Bounds:Invalid RuntimeGrid:None EditorOnly:0 RuntimeOnly:0 HLODRelevant:0 ListedInSceneOutliner:1 IsMainWorldOnly:1
 |   |   |- Guid:702F16FE41840695C525F1B71443FFE6 BaseClass: NativeClass:/Script/Engine.StaticMeshActor Name:StaticMeshActor_UAID_4CD717924AA7A85002_1469727554 Label:Cube10 SpatiallyLoaded:1 Bounds:IsValid=true, Min=(X=2022.500 Y=2722.500 Z=60.000), Max=(X=2297.500 Y=2997.500 Z=660.000) RuntimeGrid:None EditorOnly:0 RuntimeOnly:0 HLODRelevant:1 ListedInSceneOutliner:1 IsMainWorldOnly:0
 |   |   |- Guid:737C5F1D4F4D16835974DFB7BFCBFE50 BaseClass: NativeClass:/Script/Engine.StaticMeshActor Name:StaticMeshActor_UAID_4CD717924AA7A85002_1708626560 Label:Cube15 SpatiallyLoaded:1 Bounds:IsValid=true, Min=(X=2457.500 Y=3307.500 Z=467.500), Max=(X=2782.500 Y=3632.500 Z=492.500) RuntimeGrid:None EditorOnly:0 RuntimeOnly:0 HLODRelevant:1 ListedInSceneOutliner:1 IsMainWorldOnly:0
 |   |   |- Guid:761E70D7420782B41CD18080D1D737F3 BaseClass: NativeClass:/Script/Engine.SpotLight Name:SpotLight_UAID_08BFB86ED1B9C44E02_1484944363 Label:SpotLight3 SpatiallyLoaded:1 Bounds:IsValid=true, Min=(X=1515.821 Y=3185.821 Z=-1018.357), Max=(X=3684.179 Y=5354.179 Z=1150.000) RuntimeGrid:None EditorOnly:0 RuntimeOnly:0 HLODRelevant:0 ListedInSceneOutliner:1 IsMainWorldOnly:0
 |   |   |- Guid:76D69CEC4A7C6714A02FD88C5C7598AC BaseClass: NativeClass:/Script/Engine.StaticMeshActor Name:StaticMeshActor_UAID_4CD717924AA7A85002_1624181557 Label:Cube13 SpatiallyLoaded:1 Bounds:IsValid=true, Min=(X=2645.000 Y=1605.000 Z=422.500), Max=(X=2695.000 Y=1655.000 Z=797.500) RuntimeGrid:None EditorOnly:0 RuntimeOnly:0 HLODRelevant:1 ListedInSceneOutliner:1 IsMainWorldOnly:0
 |   |   |- Guid:77BE43054DE47BB0ACDBEB85940AAD86 BaseClass: NativeClass:/Script/Engine.StaticMeshActor Name:StaticMeshActor_UAID_4CD717924AA7A75002_1659775369 Label:Cube3 SpatiallyLoaded:1 Bounds:IsValid=true, Min=(X=2417.500 Y=4570.000 Z=-5.000), Max=(X=2992.500 Y=4820.000 Z=1095.000) RuntimeGrid:None EditorOnly:0 RuntimeOnly:0 HLODRelevant:1 ListedInSceneOutliner:1 IsMainWorldOnly:0
 |   |   |- Guid:7C0EE25F40E00DCF1865DBAC9F84ED70 BaseClass: NativeClass:/Script/Engine.StaticMeshActor Name:StaticMeshActor_UAID_08BFB86ED1B9C44E02_1604606364 Label:Cube SpatiallyLoaded:1 Bounds:IsValid=true, Min=(X=2890.000 Y=1238.500 Z=452.500), Max=(X=2940.000 Y=3863.500 Z=1177.500) RuntimeGrid:None EditorOnly:0 RuntimeOnly:0 HLODRelevant:1 ListedInSceneOutliner:1 IsMainWorldOnly:0
 |   |   |- Guid:828F3798415CCE22C39681BE5A1F09BD BaseClass: NativeClass:/Script/Engine.StaticMeshActor Name:StaticMeshActor_UAID_08BFB86ED1B9AC5202_1297662361 Label:LP_Floor2 SpatiallyLoaded:1 Bounds:IsValid=true, Min=(X=1780.000 Y=3350.000 Z=-0.008), Max=(X=2341.703 Y=3912.331 Z=18.371) RuntimeGrid:None EditorOnly:0 RuntimeOnly:0 HLODRelevant:1 ListedInSceneOutliner:1 IsMainWorldOnly:0
 |   |   |- Guid:87B9EFE4438A3C59BA4F72A48676A0CB BaseClass: NativeClass:/Script/Engine.SpotLight Name:SpotLight_UAID_4CD717924AA7A95002_1977957747 Label:SpotLight4 SpatiallyLoaded:1 Bounds:IsValid=true, Min=(X=2135.524 Y=2855.347 Z=-150.076), Max=(X=3337.426 Y=4057.248 Z=1051.826) RuntimeGrid:None EditorOnly:0 RuntimeOnly:0 HLODRelevant:0 ListedInSceneOutliner:1 IsMainWorldOnly:0
 |   |   |- Guid:8B1BB040493F317BBE9D73BC0617BE2B BaseClass: NativeClass:/Script/Engine.StaticMeshActor Name:StaticMeshActor_UAID_4CD717924AA7A95002_2021276749 Label:Cylinder SpatiallyLoaded:1 Bounds:IsValid=true, Min=(X=2491.936 Y=3741.936 Z=500.000), Max=(X=2588.064 Y=3838.064 Z=800.000) RuntimeGrid:None EditorOnly:0 RuntimeOnly:0 HLODRelevant:1 ListedInSceneOutliner:1 IsMainWorldOnly:0
 |   |   |- Guid:8FE739814743671CDE501188A3355994 BaseClass: NativeClass:/Script/Engine.StaticMeshActor Name:StaticMeshActor_UAID_4CD717924AA7A85002_1131569552 Label:Cube9 SpatiallyLoaded:1 Bounds:IsValid=true, Min=(X=2022.500 Y=1792.500 Z=60.000), Max=(X=2297.500 Y=2067.500 Z=660.000) RuntimeGrid:None EditorOnly:0 RuntimeOnly:0 HLODRelevant:1 ListedInSceneOutliner:1 IsMainWorldOnly:0
 |   |   |- Guid:95073DE3447A5AD324BEAFA50EBFD056 BaseClass: NativeClass:/Script/Engine.SpotLight Name:SpotLight_UAID_08BFB86ED1B9C44E02_1373559361 Label:SpotLight SpatiallyLoaded:1 Bounds:IsValid=true, Min=(X=795.356 Y=420.356 Z=-1390.355), Max=(X=3664.644 Y=3289.644 Z=1478.933) RuntimeGrid:None EditorOnly:0 RuntimeOnly:0 HLODRelevant:0 ListedInSceneOutliner:1 IsMainWorldOnly:0
 |   |   |- Guid:967C285B4FD63A80611A3DAEDF1F8960 BaseClass:/Game/Dynamic/ThirdPerson/Blueprints/BP_Player.BP_Player_C NativeClass:/Script/Engine.Character Name:BP_Player_C_UAID_CC28AA0BA081DA4D02_1814789177 Label:BP_Player SpatiallyLoaded:1 Bounds:IsValid=true, Min=(X=1892.961 Y=1398.416 Z=-5.123), Max=(X=1968.958 Y=1503.481 Z=183.896) RuntimeGrid:None EditorOnly:0 RuntimeOnly:0 HLODRelevant:0 ListedInSceneOutliner:1 IsMainWorldOnly:0
 |   |   |- Guid:971A9F814A7740354AED3D856E442591 BaseClass: NativeClass:/Script/Engine.StaticMeshActor Name:StaticMeshActor_UAID_4CD717924AA7A95002_2008885748 Label:Cone SpatiallyLoaded:1 Bounds:IsValid=true, Min=(X=2475.914 Y=3725.914 Z=470.000), Max=(X=2604.086 Y=3854.086 Z=570.000) RuntimeGrid:None EditorOnly:0 RuntimeOnly:0 HLODRelevant:1 ListedInSceneOutliner:1 IsMainWorldOnly:0
 |   |   |- Guid:9CB64F024AD6B57DC7CA028CF5BEB90E BaseClass: NativeClass:/Script/Engine.StaticMeshActor Name:StaticMeshActor_UAID_4CD717924AA7A85002_1611609556 Label:Cube12 SpatiallyLoaded:1 Bounds:IsValid=true, Min=(X=2620.000 Y=1730.000 Z=647.500), Max=(X=2720.000 Y=1830.000 Z=672.500) RuntimeGrid:None EditorOnly:0 RuntimeOnly:0 HLODRelevant:1 ListedInSceneOutliner:1 IsMainWorldOnly:0
 |   |   |- Guid:9E14A5D04F75CBDE07E5F68C6F8A5D5A BaseClass: NativeClass:/Script/Engine.RectLight Name:RectLight_UAID_08BFB86ED1B9C44E02_1227368360 Label:RectLight SpatiallyLoaded:1 Bounds:IsValid=true, Min=(X=774.328 Y=3544.328 Z=-755.672), Max=(X=3365.672 Y=6135.672 Z=1835.672) RuntimeGrid:None EditorOnly:0 RuntimeOnly:0 HLODRelevant:0 ListedInSceneOutliner:1 IsMainWorldOnly:0
 |   |   |- Guid:9E2B2946491BCE2D769F5A9539817B46 BaseClass: NativeClass:/Script/Engine.StaticMeshActor Name:StaticMeshActor_UAID_4CD717924AA7A75002_2070484374 Label:Cube7 SpatiallyLoaded:1 Bounds:IsValid=true, Min=(X=2415.000 Y=1972.500 Z=867.500), Max=(X=2865.000 Y=2197.500 Z=892.500) RuntimeGrid:None EditorOnly:0 RuntimeOnly:0 HLODRelevant:1 ListedInSceneOutliner:1 IsMainWorldOnly:0
 |   |   |- Guid:9E4AD8834D39ADC9A68A59993851E15C BaseClass: NativeClass:/Script/Engine.SpotLight Name:SpotLight_UAID_08BFB86ED1B9C44E02_1470708362 Label:SpotLight2 SpatiallyLoaded:1 Bounds:IsValid=true, Min=(X=909.345 Y=2184.345 Z=-1351.311), Max=(X=3550.655 Y=4825.655 Z=1290.000) RuntimeGrid:None EditorOnly:0 RuntimeOnly:0 HLODRelevant:0 ListedInSceneOutliner:1 IsMainWorldOnly:0
 |   |   |- Guid:A06E061A4D27B6873358A8A1F0FA2397 BaseClass: NativeClass:/Script/Engine.PlanarReflection Name:PlanarReflection_UAID_08BFB86ED1B9AB5202_2040460184 Label:PlanarReflection2 SpatiallyLoaded:1 Bounds:IsValid=true, Min=(X=2738.000 Y=915.000 Z=230.000), Max=(X=3002.000 Y=3915.000 Z=1230.000) RuntimeGrid:None EditorOnly:0 RuntimeOnly:0 HLODRelevant:0 ListedInSceneOutliner:1 IsMainWorldOnly:0
 |   |   |- Guid:A56216954B2165CF0F35A886B537D536 BaseClass: NativeClass:/Script/Engine.StaticMeshActor Name:StaticMeshActor_0 Label:SM_Cube5 SpatiallyLoaded:1 Bounds:IsValid=true, Min=(X=366.683 Y=1164.248 Z=-7.166), Max=(X=466.683 Y=3539.248 Z=792.834) RuntimeGrid:None EditorOnly:0 RuntimeOnly:0 HLODRelevant:1 ListedInSceneOutliner:1 IsMainWorldOnly:0 FolderPath:Playground FolderGuid:C73F09FC4215536B1DCE2A9E0A830C70
 |   |   |- Guid:A93708F841D7A850E082C0A357C51668 BaseClass: NativeClass:/Script/Engine.PointLight Name:PointLight_UAID_08BFB86ED1B9AC5202_1451639362 Label:PointLight SpatiallyLoaded:1 Bounds:IsValid=true, Min=(X=1080.000 Y=2800.000 Z=-820.000), Max=(X=3080.000 Y=4800.000 Z=1180.000) RuntimeGrid:None EditorOnly:0 RuntimeOnly:0 HLODRelevant:0 ListedInSceneOutliner:1 IsMainWorldOnly:0
 |   |   |- Guid:B33C99A4433929BB5F04EC8621178753 BaseClass: NativeClass:/Script/Engine.StaticMeshActor Name:StaticMeshActor_UAID_4CD717924AA7A75002_1917646371 Label:Cube5 SpatiallyLoaded:1 Bounds:IsValid=true, Min=(X=1780.000 Y=2407.500 Z=5.000), Max=(X=2480.000 Y=2432.500 Z=855.000) RuntimeGrid:None EditorOnly:0 RuntimeOnly:0 HLODRelevant:1 ListedInSceneOutliner:1 IsMainWorldOnly:0
 |   |   |- Guid:B4807FD2481E28F30C8476820E618A43 BaseClass: NativeClass:/Script/Engine.StaticMeshActor Name:StaticMeshActor_UAID_4CD717924AA7A95002_1862468745 Label:Cube21 SpatiallyLoaded:1 Bounds:IsValid=true, Min=(X=1826.664 Y=1393.000 Z=-8.196), Max=(X=2433.336 Y=1443.000 Z=512.196) RuntimeGrid:None EditorOnly:0 RuntimeOnly:0 HLODRelevant:1 ListedInSceneOutliner:1 IsMainWorldOnly:0
 |   |   |- Guid:B785ED2844B84CFB91E7F39FE661CD99 BaseClass: NativeClass:/Script/Engine.DirectionalLight Name:DirectionalLight_0 Label:DirectionalLight SpatiallyLoaded:0 Bounds:Invalid RuntimeGrid:None EditorOnly:0 RuntimeOnly:0 HLODRelevant:0 ListedInSceneOutliner:1 IsMainWorldOnly:0 FolderPath:Lighting FolderGuid:963EC3EB4002CCE9759E2EBA541A873A
 |   |   |- Guid:BC08B79C4EA3C961CFF75EBBE83B367D BaseClass: NativeClass:/Script/Engine.StaticMeshActor Name:StaticMeshActor_5 Label:SM_Cube2 SpatiallyLoaded:1 Bounds:IsValid=true, Min=(X=1645.000 Y=1140.000 Z=-14.894), Max=(X=2995.000 Y=1240.000 Z=1360.106) RuntimeGrid:None EditorOnly:0 RuntimeOnly:0 HLODRelevant:1 ListedInSceneOutliner:1 IsMainWorldOnly:0 FolderPath:Playground FolderGuid:C73F09FC4215536B1DCE2A9E0A830C70
 |   |   |- Guid:CB092F7B472A689A2088FB96378A2FC6 BaseClass: NativeClass:/Script/Engine.StaticMeshActor Name:StaticMeshActor_UAID_4CD717924AA7A75002_1983753372 Label:Cube6 SpatiallyLoaded:1 Bounds:IsValid=true, Min=(X=2415.000 Y=2197.500 Z=467.500), Max=(X=2865.000 Y=2522.500 Z=892.500) RuntimeGrid:None EditorOnly:0 RuntimeOnly:0 HLODRelevant:1 ListedInSceneOutliner:1 IsMainWorldOnly:0
 |   |   |- Guid:CCFF262C46EEFFDF319E7F9539CE697E BaseClass: NativeClass:/Script/Engine.SkyAtmosphere Name:SkyAtmosphere_0 Label:SkyAtmosphere SpatiallyLoaded:0 Bounds:IsValid=true, Min=(X=5700.000 Y=0.000 Z=1020.000), Max=(X=5700.000 Y=0.000 Z=1020.000) RuntimeGrid:None EditorOnly:0 RuntimeOnly:0 HLODRelevant:0 ListedInSceneOutliner:1 IsMainWorldOnly:0 FolderPath:Lighting FolderGuid:963EC3EB4002CCE9759E2EBA541A873A
 |   |   |- Guid:D203702C484CEC5339FACCA7165D264D BaseClass: NativeClass:/Script/Engine.StaticMeshActor Name:StaticMeshActor_UAID_4CD717924AA7A85002_1743229561 Label:Cube16 SpatiallyLoaded:1 Bounds:IsValid=true, Min=(X=2762.676 Y=3143.025 Z=457.500), Max=(X=2897.324 Y=3456.975 Z=782.500) RuntimeGrid:None EditorOnly:0 RuntimeOnly:0 HLODRelevant:1 ListedInSceneOutliner:1 IsMainWorldOnly:0
 |   |   |- Guid:E535242747FC63E38B70F280B502E002 BaseClass: NativeClass:/Script/Engine.StaticMeshActor Name:StaticMeshActor_UAID_4CD717924AA7A75002_2098700375 Label:Cube8 SpatiallyLoaded:1 Bounds:IsValid=true, Min=(X=2415.000 Y=2522.500 Z=867.500), Max=(X=2865.000 Y=2747.500 Z=892.500) RuntimeGrid:None EditorOnly:0 RuntimeOnly:0 HLODRelevant:1 ListedInSceneOutliner:1 IsMainWorldOnly:0
 |   |   |- Guid:F1924B8D48954B30891B2DB6A694F9CC BaseClass: NativeClass:/Script/Engine.StaticMeshActor Name:StaticMeshActor_1 Label:SM_Cube SpatiallyLoaded:1 Bounds:IsValid=true, Min=(X=1685.000 Y=1240.000 Z=-50.000), Max=(X=2910.000 Y=4815.000 Z=0.000) RuntimeGrid:None EditorOnly:0 RuntimeOnly:0 HLODRelevant:1 ListedInSceneOutliner:1 IsMainWorldOnly:0 FolderPath:Playground FolderGuid:C73F09FC4215536B1DCE2A9E0A830C70
 |   |   |- Guid:F72D5B2B4D0D0B1AF117DD895B057737 BaseClass: NativeClass:/Script/Niagara.NiagaraActor Name:NiagaraActor_UAID_08BFB86ED1B9C74E02_1781802887 Label:NS_Dust SpatiallyLoaded:1 Bounds:IsValid=true, Min=(X=2115.000 Y=2215.000 Z=60.000), Max=(X=2465.000 Y=3265.000 Z=760.000) RuntimeGrid:None EditorOnly:0 RuntimeOnly:0 HLODRelevant:0 ListedInSceneOutliner:1 IsMainWorldOnly:0
 |   |   |- Guid:FF698C67459ADB4982D7759C0905EE9F BaseClass: NativeClass:/Script/Engine.StaticMeshActor Name:StaticMeshActor_6 Label:SM_Cube3 SpatiallyLoaded:1 Bounds:IsValid=true, Min=(X=1545.000 Y=4815.000 Z=-15.000), Max=(X=2995.000 Y=4915.000 Z=1360.000) RuntimeGrid:None EditorOnly:0 RuntimeOnly:0 HLODRelevant:1 ListedInSceneOutliner:1 IsMainWorldOnly:0 FolderPath:Playground FolderGuid:C73F09FC4215536B1DCE2A9E0A830C70
 |   |- [+] Clusters:
 |   |   |- [+] [  0]
 |   |   |   |- Guid:04F2DE83491BACE7AA162BA986CBCCE4 BaseClass: NativeClass:/Script/Engine.StaticMeshActor Name:StaticMeshActor_UAID_4CD717924AA7A85002_1678582559 Label:Cube14 SpatiallyLoaded:1 Bounds:IsValid=true, Min=(X=2645.000 Y=1445.257 Z=722.379), Max=(X=2695.000 Y=1814.743 Z=897.621) RuntimeGrid:None EditorOnly:0 RuntimeOnly:0 HLODRelevant:1 ListedInSceneOutliner:1 IsMainWorldOnly:0
 |   |   |- [+] [  1]
 |   |   |   |- Guid:0A9489C04EEAB8CE99ECB28A3BBD5A03 BaseClass: NativeClass:/Script/Engine.StaticMeshActor Name:StaticMeshActor_UAID_08BFB86ED1B9AA5202_2067002007 Label:LP_Floor SpatiallyLoaded:1 Bounds:IsValid=true, Min=(X=1910.000 Y=3750.000 Z=0.000), Max=(X=1910.000 Y=3750.000 Z=0.000) RuntimeGrid:None EditorOnly:0 RuntimeOnly:0 HLODRelevant:0 ListedInSceneOutliner:1 IsMainWorldOnly:0
 |   |   |- [+] [  2]
 |   |   |   |- Guid:12A90F4E49344DC7E87644BE011CD4F4 BaseClass: NativeClass:/Script/Engine.StaticMeshActor Name:StaticMeshActor_UAID_4CD717924AA7A75002_1801142370 Label:Cube4 SpatiallyLoaded:1 Bounds:IsValid=true, Min=(X=2417.500 Y=3865.500 Z=-5.000), Max=(X=2992.500 Y=3990.500 Z=1095.000) RuntimeGrid:None EditorOnly:0 RuntimeOnly:0 HLODRelevant:1 ListedInSceneOutliner:1 IsMainWorldOnly:0
 |   |   |- [+] [  3]
 |   |   |   |- Guid:1D855BFE430AC1562B86BEBE102060FC BaseClass: NativeClass:/Script/Engine.StaticMeshActor Name:StaticMeshActor_UAID_4CD717924AA7A85002_1891508564 Label:Cube19 SpatiallyLoaded:1 Bounds:IsValid=true, Min=(X=2671.786 Y=3993.214 Z=-16.667), Max=(X=2896.786 Y=4218.214 Z=183.333) RuntimeGrid:None EditorOnly:0 RuntimeOnly:0 HLODRelevant:1 ListedInSceneOutliner:1 IsMainWorldOnly:0
 |   |   |- [+] [  4]
 |   |   |   |- Guid:2887E2BA4608F7FCC1303F8EEC1B1719 BaseClass: NativeClass:/Script/Engine.StaticMeshActor Name:StaticMeshActor_UAID_4CD717924AA7A85002_1596917555 Label:Cube11 SpatiallyLoaded:1 Bounds:IsValid=true, Min=(X=2620.000 Y=1420.000 Z=557.500), Max=(X=2720.000 Y=1520.000 Z=582.500) RuntimeGrid:None EditorOnly:0 RuntimeOnly:0 HLODRelevant:1 ListedInSceneOutliner:1 IsMainWorldOnly:0
 |   |   |- [+] [  5]
 |   |   |   |- Guid:2FB58999456391D349DC0F86DAC136ED BaseClass: NativeClass:/Script/Engine.SkyLight Name:SkyLight_1 Label:SkyLight SpatiallyLoaded:0 Bounds:IsValid=true, Min=(X=2977.512 Y=2095.085 Z=739.696), Max=(X=2977.512 Y=2095.085 Z=739.696) RuntimeGrid:None EditorOnly:0 RuntimeOnly:0 HLODRelevant:0 ListedInSceneOutliner:1 IsMainWorldOnly:0 FolderPath:Lighting FolderGuid:963EC3EB4002CCE9759E2EBA541A873A
 |   |   |- [+] [  6]
 |   |   |   |- Guid:316CF2A6494ACA4C0E4180A87D36AB8F BaseClass: NativeClass:/Script/Engine.ExponentialHeightFog Name:ExponentialHeightFog_0 Label:ExponentialHeightFog SpatiallyLoaded:0 Bounds:IsValid=true, Min=(X=-5600.000 Y=-50.000 Z=-6850.000), Max=(X=-5600.000 Y=-50.000 Z=-6850.000) RuntimeGrid:None EditorOnly:0 RuntimeOnly:0 HLODRelevant:0 ListedInSceneOutliner:1 IsMainWorldOnly:0 FolderPath:Lighting FolderGuid:963EC3EB4002CCE9759E2EBA541A873A
 |   |   |- [+] [  7]
 |   |   |   |- Guid:3A0DD0CF4F250AB15F9892838E5EDBC5 BaseClass: NativeClass:/Script/Engine.StaticMeshActor Name:StaticMeshActor_UAID_4CD717924AA7A85002_1842724563 Label:Cube18 SpatiallyLoaded:1 Bounds:IsValid=true, Min=(X=2412.786 Y=4409.850 Z=-5.000), Max=(X=2797.214 Y=4570.150 Z=1095.000) RuntimeGrid:None EditorOnly:0 RuntimeOnly:0 HLODRelevant:1 ListedInSceneOutliner:1 IsMainWorldOnly:0
 |   |   |- [+] [  8]
 |   |   |   |- Guid:3DAA7BA34C9A35839C3419A54DA9D5F6 BaseClass: NativeClass:/Script/Engine.StaticMeshActor Name:StaticMeshActor_UAID_4CD717924AA7A75002_1349178368 Label:Cube2 SpatiallyLoaded:1 Bounds:IsValid=true, Min=(X=2417.000 Y=1240.500 Z=415.000), Max=(X=2917.000 Y=3865.500 Z=465.000) RuntimeGrid:None EditorOnly:0 RuntimeOnly:0 HLODRelevant:1 ListedInSceneOutliner:1 IsMainWorldOnly:0
 |   |   |- [+] [  9]
 |   |   |   |- Guid:43815E84492231AFC407F59E3C28176B BaseClass: NativeClass:/Script/Engine.StaticMeshActor Name:StaticMeshActor_4 Label:SM_Cube6 SpatiallyLoaded:1 Bounds:IsValid=true, Min=(X=2895.000 Y=1240.000 Z=-14.894), Max=(X=2995.000 Y=4815.000 Z=1360.106) RuntimeGrid:None EditorOnly:0 RuntimeOnly:0 HLODRelevant:1 ListedInSceneOutliner:1 IsMainWorldOnly:0 FolderPath:Playground FolderGuid:C73F09FC4215536B1DCE2A9E0A830C70
 |   |   |- [+] [ 10]
 |   |   |   |- Guid:4919CBBC45B51ABD9361529FF6CD8154 BaseClass: NativeClass:/Script/Engine.StaticMeshActor Name:StaticMeshActor_UAID_4CD717924AA7A85002_1916738565 Label:Cube20 SpatiallyLoaded:1 Bounds:IsValid=true, Min=(X=2722.500 Y=4217.500 Z=-25.000), Max=(X=2897.500 Y=4392.500 Z=125.000) RuntimeGrid:None EditorOnly:0 RuntimeOnly:0 HLODRelevant:1 ListedInSceneOutliner:1 IsMainWorldOnly:0
 |   |   |- [+] [ 11]
 |   |   |   |- Guid:4D3BE93F4146AAAC8BBE79999D96D57F BaseClass: NativeClass:/Script/Engine.VolumetricCloud Name:VolumetricCloud_0 Label:VolumetricCloud SpatiallyLoaded:0 Bounds:IsValid=true, Min=(X=5170.000 Y=0.000 Z=820.000), Max=(X=5170.000 Y=0.000 Z=820.000) RuntimeGrid:None EditorOnly:0 RuntimeOnly:0 HLODRelevant:0 ListedInSceneOutliner:1 IsMainWorldOnly:0 FolderPath:Lighting FolderGuid:963EC3EB4002CCE9759E2EBA541A873A
 |   |   |- [+] [ 12]
 |   |   |   |- Guid:5905D6BB45C2F337C3DC84A818C6EA41 BaseClass: NativeClass:/Script/Engine.StaticMeshActor Name:StaticMeshActor_UAID_4CD717924AA7A95002_2043730750 Label:Cone2 SpatiallyLoaded:1 Bounds:IsValid=true, Min=(X=2416.692 Y=3663.308 Z=737.548), Max=(X=2663.308 Y=3916.692 Z=942.452) RuntimeGrid:None EditorOnly:0 RuntimeOnly:0 HLODRelevant:1 ListedInSceneOutliner:1 IsMainWorldOnly:0
 |   |   |- [+] [ 13]
 |   |   |   |- Guid:5E83C6C44A82163C30710DB5447769D4 BaseClass: NativeClass:/Script/Engine.StaticMeshActor Name:StaticMeshActor_UAID_4CD717924AA7A85002_1778259562 Label:Cube17 SpatiallyLoaded:1 Bounds:IsValid=true, Min=(X=2762.676 Y=3443.025 Z=457.500), Max=(X=2897.324 Y=3756.975 Z=782.500) RuntimeGrid:None EditorOnly:0 RuntimeOnly:0 HLODRelevant:1 ListedInSceneOutliner:1 IsMainWorldOnly:0
 |   |   |- [+] [ 14]
 |   |   |   |- Guid:6BAF4DDD444C60371492D3919DB42C97 BaseClass: NativeClass:/Script/Engine.WorldDataLayers Name:WorldDataLayers Label:WorldDataLayers SpatiallyLoaded:0 Bounds:Invalid RuntimeGrid:None EditorOnly:0 RuntimeOnly:0 HLODRelevant:0 ListedInSceneOutliner:1 IsMainWorldOnly:1
 |   |   |- [+] [ 15]
 |   |   |   |- Guid:702F16FE41840695C525F1B71443FFE6 BaseClass: NativeClass:/Script/Engine.StaticMeshActor Name:StaticMeshActor_UAID_4CD717924AA7A85002_1469727554 Label:Cube10 SpatiallyLoaded:1 Bounds:IsValid=true, Min=(X=2022.500 Y=2722.500 Z=60.000), Max=(X=2297.500 Y=2997.500 Z=660.000) RuntimeGrid:None EditorOnly:0 RuntimeOnly:0 HLODRelevant:1 ListedInSceneOutliner:1 IsMainWorldOnly:0
 |   |   |- [+] [ 16]
 |   |   |   |- Guid:737C5F1D4F4D16835974DFB7BFCBFE50 BaseClass: NativeClass:/Script/Engine.StaticMeshActor Name:StaticMeshActor_UAID_4CD717924AA7A85002_1708626560 Label:Cube15 SpatiallyLoaded:1 Bounds:IsValid=true, Min=(X=2457.500 Y=3307.500 Z=467.500), Max=(X=2782.500 Y=3632.500 Z=492.500) RuntimeGrid:None EditorOnly:0 RuntimeOnly:0 HLODRelevant:1 ListedInSceneOutliner:1 IsMainWorldOnly:0
 |   |   |- [+] [ 17]
 |   |   |   |- Guid:761E70D7420782B41CD18080D1D737F3 BaseClass: NativeClass:/Script/Engine.SpotLight Name:SpotLight_UAID_08BFB86ED1B9C44E02_1484944363 Label:SpotLight3 SpatiallyLoaded:1 Bounds:IsValid=true, Min=(X=1515.821 Y=3185.821 Z=-1018.357), Max=(X=3684.179 Y=5354.179 Z=1150.000) RuntimeGrid:None EditorOnly:0 RuntimeOnly:0 HLODRelevant:0 ListedInSceneOutliner:1 IsMainWorldOnly:0
 |   |   |- [+] [ 18]
 |   |   |   |- Guid:76D69CEC4A7C6714A02FD88C5C7598AC BaseClass: NativeClass:/Script/Engine.StaticMeshActor Name:StaticMeshActor_UAID_4CD717924AA7A85002_1624181557 Label:Cube13 SpatiallyLoaded:1 Bounds:IsValid=true, Min=(X=2645.000 Y=1605.000 Z=422.500), Max=(X=2695.000 Y=1655.000 Z=797.500) RuntimeGrid:None EditorOnly:0 RuntimeOnly:0 HLODRelevant:1 ListedInSceneOutliner:1 IsMainWorldOnly:0
 |   |   |- [+] [ 19]
 |   |   |   |- Guid:77BE43054DE47BB0ACDBEB85940AAD86 BaseClass: NativeClass:/Script/Engine.StaticMeshActor Name:StaticMeshActor_UAID_4CD717924AA7A75002_1659775369 Label:Cube3 SpatiallyLoaded:1 Bounds:IsValid=true, Min=(X=2417.500 Y=4570.000 Z=-5.000), Max=(X=2992.500 Y=4820.000 Z=1095.000) RuntimeGrid:None EditorOnly:0 RuntimeOnly:0 HLODRelevant:1 ListedInSceneOutliner:1 IsMainWorldOnly:0
 |   |   |- [+] [ 20]
 |   |   |   |- Guid:7C0EE25F40E00DCF1865DBAC9F84ED70 BaseClass: NativeClass:/Script/Engine.StaticMeshActor Name:StaticMeshActor_UAID_08BFB86ED1B9C44E02_1604606364 Label:Cube SpatiallyLoaded:1 Bounds:IsValid=true, Min=(X=2890.000 Y=1238.500 Z=452.500), Max=(X=2940.000 Y=3863.500 Z=1177.500) RuntimeGrid:None EditorOnly:0 RuntimeOnly:0 HLODRelevant:1 ListedInSceneOutliner:1 IsMainWorldOnly:0
 |   |   |- [+] [ 21]
 |   |   |   |- Guid:828F3798415CCE22C39681BE5A1F09BD BaseClass: NativeClass:/Script/Engine.StaticMeshActor Name:StaticMeshActor_UAID_08BFB86ED1B9AC5202_1297662361 Label:LP_Floor2 SpatiallyLoaded:1 Bounds:IsValid=true, Min=(X=1780.000 Y=3350.000 Z=-0.008), Max=(X=2341.703 Y=3912.331 Z=18.371) RuntimeGrid:None EditorOnly:0 RuntimeOnly:0 HLODRelevant:1 ListedInSceneOutliner:1 IsMainWorldOnly:0
 |   |   |- [+] [ 22]
 |   |   |   |- Guid:87B9EFE4438A3C59BA4F72A48676A0CB BaseClass: NativeClass:/Script/Engine.SpotLight Name:SpotLight_UAID_4CD717924AA7A95002_1977957747 Label:SpotLight4 SpatiallyLoaded:1 Bounds:IsValid=true, Min=(X=2135.524 Y=2855.347 Z=-150.076), Max=(X=3337.426 Y=4057.248 Z=1051.826) RuntimeGrid:None EditorOnly:0 RuntimeOnly:0 HLODRelevant:0 ListedInSceneOutliner:1 IsMainWorldOnly:0
 |   |   |- [+] [ 23]
 |   |   |   |- Guid:8B1BB040493F317BBE9D73BC0617BE2B BaseClass: NativeClass:/Script/Engine.StaticMeshActor Name:StaticMeshActor_UAID_4CD717924AA7A95002_2021276749 Label:Cylinder SpatiallyLoaded:1 Bounds:IsValid=true, Min=(X=2491.936 Y=3741.936 Z=500.000), Max=(X=2588.064 Y=3838.064 Z=800.000) RuntimeGrid:None EditorOnly:0 RuntimeOnly:0 HLODRelevant:1 ListedInSceneOutliner:1 IsMainWorldOnly:0
 |   |   |- [+] [ 24]
 |   |   |   |- Guid:8FE739814743671CDE501188A3355994 BaseClass: NativeClass:/Script/Engine.StaticMeshActor Name:StaticMeshActor_UAID_4CD717924AA7A85002_1131569552 Label:Cube9 SpatiallyLoaded:1 Bounds:IsValid=true, Min=(X=2022.500 Y=1792.500 Z=60.000), Max=(X=2297.500 Y=2067.500 Z=660.000) RuntimeGrid:None EditorOnly:0 RuntimeOnly:0 HLODRelevant:1 ListedInSceneOutliner:1 IsMainWorldOnly:0
 |   |   |- [+] [ 25]
 |   |   |   |- Guid:95073DE3447A5AD324BEAFA50EBFD056 BaseClass: NativeClass:/Script/Engine.SpotLight Name:SpotLight_UAID_08BFB86ED1B9C44E02_1373559361 Label:SpotLight SpatiallyLoaded:1 Bounds:IsValid=true, Min=(X=795.356 Y=420.356 Z=-1390.355), Max=(X=3664.644 Y=3289.644 Z=1478.933) RuntimeGrid:None EditorOnly:0 RuntimeOnly:0 HLODRelevant:0 ListedInSceneOutliner:1 IsMainWorldOnly:0
 |   |   |- [+] [ 26]
 |   |   |   |- Guid:967C285B4FD63A80611A3DAEDF1F8960 BaseClass:/Game/Dynamic/ThirdPerson/Blueprints/BP_Player.BP_Player_C NativeClass:/Script/Engine.Character Name:BP_Player_C_UAID_CC28AA0BA081DA4D02_1814789177 Label:BP_Player SpatiallyLoaded:1 Bounds:IsValid=true, Min=(X=1892.961 Y=1398.416 Z=-5.123), Max=(X=1968.958 Y=1503.481 Z=183.896) RuntimeGrid:None EditorOnly:0 RuntimeOnly:0 HLODRelevant:0 ListedInSceneOutliner:1 IsMainWorldOnly:0
 |   |   |- [+] [ 27]
 |   |   |   |- Guid:971A9F814A7740354AED3D856E442591 BaseClass: NativeClass:/Script/Engine.StaticMeshActor Name:StaticMeshActor_UAID_4CD717924AA7A95002_2008885748 Label:Cone SpatiallyLoaded:1 Bounds:IsValid=true, Min=(X=2475.914 Y=3725.914 Z=470.000), Max=(X=2604.086 Y=3854.086 Z=570.000) RuntimeGrid:None EditorOnly:0 RuntimeOnly:0 HLODRelevant:1 ListedInSceneOutliner:1 IsMainWorldOnly:0
 |   |   |- [+] [ 28]
 |   |   |   |- Guid:9CB64F024AD6B57DC7CA028CF5BEB90E BaseClass: NativeClass:/Script/Engine.StaticMeshActor Name:StaticMeshActor_UAID_4CD717924AA7A85002_1611609556 Label:Cube12 SpatiallyLoaded:1 Bounds:IsValid=true, Min=(X=2620.000 Y=1730.000 Z=647.500), Max=(X=2720.000 Y=1830.000 Z=672.500) RuntimeGrid:None EditorOnly:0 RuntimeOnly:0 HLODRelevant:1 ListedInSceneOutliner:1 IsMainWorldOnly:0
 |   |   |- [+] [ 29]
 |   |   |   |- Guid:9E14A5D04F75CBDE07E5F68C6F8A5D5A BaseClass: NativeClass:/Script/Engine.RectLight Name:RectLight_UAID_08BFB86ED1B9C44E02_1227368360 Label:RectLight SpatiallyLoaded:1 Bounds:IsValid=true, Min=(X=774.328 Y=3544.328 Z=-755.672), Max=(X=3365.672 Y=6135.672 Z=1835.672) RuntimeGrid:None EditorOnly:0 RuntimeOnly:0 HLODRelevant:0 ListedInSceneOutliner:1 IsMainWorldOnly:0
 |   |   |- [+] [ 30]
 |   |   |   |- Guid:9E2B2946491BCE2D769F5A9539817B46 BaseClass: NativeClass:/Script/Engine.StaticMeshActor Name:StaticMeshActor_UAID_4CD717924AA7A75002_2070484374 Label:Cube7 SpatiallyLoaded:1 Bounds:IsValid=true, Min=(X=2415.000 Y=1972.500 Z=867.500), Max=(X=2865.000 Y=2197.500 Z=892.500) RuntimeGrid:None EditorOnly:0 RuntimeOnly:0 HLODRelevant:1 ListedInSceneOutliner:1 IsMainWorldOnly:0
 |   |   |- [+] [ 31]
 |   |   |   |- Guid:9E4AD8834D39ADC9A68A59993851E15C BaseClass: NativeClass:/Script/Engine.SpotLight Name:SpotLight_UAID_08BFB86ED1B9C44E02_1470708362 Label:SpotLight2 SpatiallyLoaded:1 Bounds:IsValid=true, Min=(X=909.345 Y=2184.345 Z=-1351.311), Max=(X=3550.655 Y=4825.655 Z=1290.000) RuntimeGrid:None EditorOnly:0 RuntimeOnly:0 HLODRelevant:0 ListedInSceneOutliner:1 IsMainWorldOnly:0
 |   |   |- [+] [ 32]
 |   |   |   |- Guid:A06E061A4D27B6873358A8A1F0FA2397 BaseClass: NativeClass:/Script/Engine.PlanarReflection Name:PlanarReflection_UAID_08BFB86ED1B9AB5202_2040460184 Label:PlanarReflection2 SpatiallyLoaded:1 Bounds:IsValid=true, Min=(X=2738.000 Y=915.000 Z=230.000), Max=(X=3002.000 Y=3915.000 Z=1230.000) RuntimeGrid:None EditorOnly:0 RuntimeOnly:0 HLODRelevant:0 ListedInSceneOutliner:1 IsMainWorldOnly:0
 |   |   |- [+] [ 33]
 |   |   |   |- Guid:A56216954B2165CF0F35A886B537D536 BaseClass: NativeClass:/Script/Engine.StaticMeshActor Name:StaticMeshActor_0 Label:SM_Cube5 SpatiallyLoaded:1 Bounds:IsValid=true, Min=(X=366.683 Y=1164.248 Z=-7.166), Max=(X=466.683 Y=3539.248 Z=792.834) RuntimeGrid:None EditorOnly:0 RuntimeOnly:0 HLODRelevant:1 ListedInSceneOutliner:1 IsMainWorldOnly:0 FolderPath:Playground FolderGuid:C73F09FC4215536B1DCE2A9E0A830C70
 |   |   |- [+] [ 34]
 |   |   |   |- Guid:A93708F841D7A850E082C0A357C51668 BaseClass: NativeClass:/Script/Engine.PointLight Name:PointLight_UAID_08BFB86ED1B9AC5202_1451639362 Label:PointLight SpatiallyLoaded:1 Bounds:IsValid=true, Min=(X=1080.000 Y=2800.000 Z=-820.000), Max=(X=3080.000 Y=4800.000 Z=1180.000) RuntimeGrid:None EditorOnly:0 RuntimeOnly:0 HLODRelevant:0 ListedInSceneOutliner:1 IsMainWorldOnly:0
 |   |   |- [+] [ 35]
 |   |   |   |- Guid:B33C99A4433929BB5F04EC8621178753 BaseClass: NativeClass:/Script/Engine.StaticMeshActor Name:StaticMeshActor_UAID_4CD717924AA7A75002_1917646371 Label:Cube5 SpatiallyLoaded:1 Bounds:IsValid=true, Min=(X=1780.000 Y=2407.500 Z=5.000), Max=(X=2480.000 Y=2432.500 Z=855.000) RuntimeGrid:None EditorOnly:0 RuntimeOnly:0 HLODRelevant:1 ListedInSceneOutliner:1 IsMainWorldOnly:0
 |   |   |- [+] [ 36]
 |   |   |   |- Guid:B4807FD2481E28F30C8476820E618A43 BaseClass: NativeClass:/Script/Engine.StaticMeshActor Name:StaticMeshActor_UAID_4CD717924AA7A95002_1862468745 Label:Cube21 SpatiallyLoaded:1 Bounds:IsValid=true, Min=(X=1826.664 Y=1393.000 Z=-8.196), Max=(X=2433.336 Y=1443.000 Z=512.196) RuntimeGrid:None EditorOnly:0 RuntimeOnly:0 HLODRelevant:1 ListedInSceneOutliner:1 IsMainWorldOnly:0
 |   |   |- [+] [ 37]
 |   |   |   |- Guid:B785ED2844B84CFB91E7F39FE661CD99 BaseClass: NativeClass:/Script/Engine.DirectionalLight Name:DirectionalLight_0 Label:DirectionalLight SpatiallyLoaded:0 Bounds:Invalid RuntimeGrid:None EditorOnly:0 RuntimeOnly:0 HLODRelevant:0 ListedInSceneOutliner:1 IsMainWorldOnly:0 FolderPath:Lighting FolderGuid:963EC3EB4002CCE9759E2EBA541A873A
 |   |   |- [+] [ 38]
 |   |   |   |- Guid:BC08B79C4EA3C961CFF75EBBE83B367D BaseClass: NativeClass:/Script/Engine.StaticMeshActor Name:StaticMeshActor_5 Label:SM_Cube2 SpatiallyLoaded:1 Bounds:IsValid=true, Min=(X=1645.000 Y=1140.000 Z=-14.894), Max=(X=2995.000 Y=1240.000 Z=1360.106) RuntimeGrid:None EditorOnly:0 RuntimeOnly:0 HLODRelevant:1 ListedInSceneOutliner:1 IsMainWorldOnly:0 FolderPath:Playground FolderGuid:C73F09FC4215536B1DCE2A9E0A830C70
 |   |   |- [+] [ 39]
 |   |   |   |- Guid:CB092F7B472A689A2088FB96378A2FC6 BaseClass: NativeClass:/Script/Engine.StaticMeshActor Name:StaticMeshActor_UAID_4CD717924AA7A75002_1983753372 Label:Cube6 SpatiallyLoaded:1 Bounds:IsValid=true, Min=(X=2415.000 Y=2197.500 Z=467.500), Max=(X=2865.000 Y=2522.500 Z=892.500) RuntimeGrid:None EditorOnly:0 RuntimeOnly:0 HLODRelevant:1 ListedInSceneOutliner:1 IsMainWorldOnly:0
 |   |   |- [+] [ 40]
 |   |   |   |- Guid:CCFF262C46EEFFDF319E7F9539CE697E BaseClass: NativeClass:/Script/Engine.SkyAtmosphere Name:SkyAtmosphere_0 Label:SkyAtmosphere SpatiallyLoaded:0 Bounds:IsValid=true, Min=(X=5700.000 Y=0.000 Z=1020.000), Max=(X=5700.000 Y=0.000 Z=1020.000) RuntimeGrid:None EditorOnly:0 RuntimeOnly:0 HLODRelevant:0 ListedInSceneOutliner:1 IsMainWorldOnly:0 FolderPath:Lighting FolderGuid:963EC3EB4002CCE9759E2EBA541A873A
 |   |   |- [+] [ 41]
 |   |   |   |- Guid:D203702C484CEC5339FACCA7165D264D BaseClass: NativeClass:/Script/Engine.StaticMeshActor Name:StaticMeshActor_UAID_4CD717924AA7A85002_1743229561 Label:Cube16 SpatiallyLoaded:1 Bounds:IsValid=true, Min=(X=2762.676 Y=3143.025 Z=457.500), Max=(X=2897.324 Y=3456.975 Z=782.500) RuntimeGrid:None EditorOnly:0 RuntimeOnly:0 HLODRelevant:1 ListedInSceneOutliner:1 IsMainWorldOnly:0
 |   |   |- [+] [ 42]
 |   |   |   |- Guid:E535242747FC63E38B70F280B502E002 BaseClass: NativeClass:/Script/Engine.StaticMeshActor Name:StaticMeshActor_UAID_4CD717924AA7A75002_2098700375 Label:Cube8 SpatiallyLoaded:1 Bounds:IsValid=true, Min=(X=2415.000 Y=2522.500 Z=867.500), Max=(X=2865.000 Y=2747.500 Z=892.500) RuntimeGrid:None EditorOnly:0 RuntimeOnly:0 HLODRelevant:1 ListedInSceneOutliner:1 IsMainWorldOnly:0
 |   |   |- [+] [ 43]
 |   |   |   |- Guid:F1924B8D48954B30891B2DB6A694F9CC BaseClass: NativeClass:/Script/Engine.StaticMeshActor Name:StaticMeshActor_1 Label:SM_Cube SpatiallyLoaded:1 Bounds:IsValid=true, Min=(X=1685.000 Y=1240.000 Z=-50.000), Max=(X=2910.000 Y=4815.000 Z=0.000) RuntimeGrid:None EditorOnly:0 RuntimeOnly:0 HLODRelevant:1 ListedInSceneOutliner:1 IsMainWorldOnly:0 FolderPath:Playground FolderGuid:C73F09FC4215536B1DCE2A9E0A830C70
 |   |   |- [+] [ 44]
 |   |   |   |- Guid:F72D5B2B4D0D0B1AF117DD895B057737 BaseClass: NativeClass:/Script/Niagara.NiagaraActor Name:NiagaraActor_UAID_08BFB86ED1B9C74E02_1781802887 Label:NS_Dust SpatiallyLoaded:1 Bounds:IsValid=true, Min=(X=2115.000 Y=2215.000 Z=60.000), Max=(X=2465.000 Y=3265.000 Z=760.000) RuntimeGrid:None EditorOnly:0 RuntimeOnly:0 HLODRelevant:0 ListedInSceneOutliner:1 IsMainWorldOnly:0
 |   |   |- [+] [ 45]
 |   |   |   |- Guid:FF698C67459ADB4982D7759C0905EE9F BaseClass: NativeClass:/Script/Engine.StaticMeshActor Name:StaticMeshActor_6 Label:SM_Cube3 SpatiallyLoaded:1 Bounds:IsValid=true, Min=(X=1545.000 Y=4815.000 Z=-15.000), Max=(X=2995.000 Y=4915.000 Z=1360.000) RuntimeGrid:None EditorOnly:0 RuntimeOnly:0 HLODRelevant:1 ListedInSceneOutliner:1 IsMainWorldOnly:0 FolderPath:Playground FolderGuid:C73F09FC4215536B1DCE2A9E0A830C70
 |- ContainerInstances:
 |- [+] MainContainer:
 |   |-        ID: 00000000000000000000000000000000
 |   |-  ParentID: 00000000000000000000000000000000
 |   |-    Bounds: IsValid=false, Min=(X=0.000 Y=0.000 Z=0.000), Max=(X=0.000 Y=0.000 Z=0.000)
 |   |- Transform: 0.000000,0.000000,0.000000|0.000000,0.000000,-0.000000|1.000000,1.000000,1.000000
 |   |- Container: /Game/Dynamic/ThirdPerson/Maps/ThirdPersonMap
----------------------------------------------------------------------------------------------------------------
ThirdPersonMap - Persistent Level
----------------------------------------------------------------------------------------------------------------
[+] Content of ThirdPersonMap Persistent Level
 |- Always loaded Actor Count: 46 
 |- Actor Path: /Game/Dynamic/ThirdPerson/Maps/ThirdPersonMap.ThirdPersonMap:PersistentLevel.BP_Player_C_UAID_CC28AA0BA081DA4D02_1814789177
 |- Actor Package: /Game/__ExternalActors__/Dynamic/ThirdPerson/Maps/ThirdPersonMap/5/4H/YXWMHAVMO1Z2VHL22X6F63
 |- Actor Path: /Game/Dynamic/ThirdPerson/Maps/ThirdPersonMap.ThirdPersonMap:PersistentLevel.DirectionalLight_0
 |- Actor Package: /Game/__ExternalActors__/Dynamic/ThirdPerson/Maps/ThirdPersonMap/F/30/7D3GQGGQ1M0FL6AXFZCHN5
 |- Actor Path: /Game/Dynamic/ThirdPerson/Maps/ThirdPersonMap.ThirdPersonMap:PersistentLevel.ExponentialHeightFog_0
 |- Actor Package: /Game/__ExternalActors__/Dynamic/ThirdPerson/Maps/ThirdPersonMap/E/IL/D7BXRAMTFYBFO3DSZIWWUT
 |- Actor Path: /Game/Dynamic/ThirdPerson/Maps/ThirdPersonMap.ThirdPersonMap:PersistentLevel.NiagaraActor_UAID_08BFB86ED1B9C74E02_1781802887
 |- Actor Package: /Game/__ExternalActors__/Dynamic/ThirdPerson/Maps/ThirdPersonMap/E/8F/3DGMM07BAS56K43Y0ZI2TQ
 |- Actor Path: /Game/Dynamic/ThirdPerson/Maps/ThirdPersonMap.ThirdPersonMap:PersistentLevel.PlanarReflection_UAID_08BFB86ED1B9AB5202_2040460184
 |- Actor Package: /Game/__ExternalActors__/Dynamic/ThirdPerson/Maps/ThirdPersonMap/3/VP/U8URT84L6KQSWNMD4EC4VH
 |- Actor Path: /Game/Dynamic/ThirdPerson/Maps/ThirdPersonMap.ThirdPersonMap:PersistentLevel.PointLight_UAID_08BFB86ED1B9AC5202_1451639362
 |- Actor Package: /Game/__ExternalActors__/Dynamic/ThirdPerson/Maps/ThirdPersonMap/3/S3/Z3V15C6I8YLSP2DB0G24D9
 |- Actor Path: /Game/Dynamic/ThirdPerson/Maps/ThirdPersonMap.ThirdPersonMap:PersistentLevel.RectLight_UAID_08BFB86ED1B9C44E02_1227368360
 |- Actor Package: /Game/__ExternalActors__/Dynamic/ThirdPerson/Maps/ThirdPersonMap/7/4L/GBID7HGH9L1KM5PCS73TFH
 |- Actor Path: /Game/Dynamic/ThirdPerson/Maps/ThirdPersonMap.ThirdPersonMap:PersistentLevel.SkyAtmosphere_0
 |- Actor Package: /Game/__ExternalActors__/Dynamic/ThirdPerson/Maps/ThirdPersonMap/B/VT/FGS5DXJK87J9XRGHVVDYQB
 |- Actor Path: /Game/Dynamic/ThirdPerson/Maps/ThirdPersonMap.ThirdPersonMap:PersistentLevel.SkyLight_1
 |- Actor Package: /Game/__ExternalActors__/Dynamic/ThirdPerson/Maps/ThirdPersonMap/1/IE/4V86VD4MF9CUR249X9WIHY
 |- Actor Path: /Game/Dynamic/ThirdPerson/Maps/ThirdPersonMap.ThirdPersonMap:PersistentLevel.SpotLight_UAID_08BFB86ED1B9C44E02_1373559361
 |- Actor Package: /Game/__ExternalActors__/Dynamic/ThirdPerson/Maps/ThirdPersonMap/3/FZ/L5U0KSRIGVPTDHA7ZFZB8H
 |- Actor Path: /Game/Dynamic/ThirdPerson/Maps/ThirdPersonMap.ThirdPersonMap:PersistentLevel.SpotLight_UAID_08BFB86ED1B9C44E02_1470708362
 |- Actor Package: /Game/__ExternalActors__/Dynamic/ThirdPerson/Maps/ThirdPersonMap/3/YP/AS2IPADLLEOW502OE6HP2D
 |- Actor Path: /Game/Dynamic/ThirdPerson/Maps/ThirdPersonMap.ThirdPersonMap:PersistentLevel.SpotLight_UAID_08BFB86ED1B9C44E02_1484944363
 |- Actor Package: /Game/__ExternalActors__/Dynamic/ThirdPerson/Maps/ThirdPersonMap/3/3Z/ORIFH2PZZC0UCT3NA3Y5SL
 |- Actor Path: /Game/Dynamic/ThirdPerson/Maps/ThirdPersonMap.ThirdPersonMap:PersistentLevel.SpotLight_UAID_4CD717924AA7A95002_1977957747
 |- Actor Package: /Game/__ExternalActors__/Dynamic/ThirdPerson/Maps/ThirdPersonMap/B/55/B2RCSOLPPR6S4ZSKU7ZGZB
 |- Actor Path: /Game/Dynamic/ThirdPerson/Maps/ThirdPersonMap.ThirdPersonMap:PersistentLevel.StaticMeshActor_0
 |- Actor Package: /Game/__ExternalActors__/Dynamic/ThirdPerson/Maps/ThirdPersonMap/8/7V/472322PQ73U387W5R9NTSY
 |- Actor Path: /Game/Dynamic/ThirdPerson/Maps/ThirdPersonMap.ThirdPersonMap:PersistentLevel.StaticMeshActor_1
 |- Actor Package: /Game/__ExternalActors__/Dynamic/ThirdPerson/Maps/ThirdPersonMap/E/RG/7LD4KZLSWF279753NSNHN8
 |- Actor Path: /Game/Dynamic/ThirdPerson/Maps/ThirdPersonMap.ThirdPersonMap:PersistentLevel.StaticMeshActor_4
 |- Actor Package: /Game/__ExternalActors__/Dynamic/ThirdPerson/Maps/ThirdPersonMap/9/56/9X0NM7NDYJ62AUQ02GM0GY
 |- Actor Path: /Game/Dynamic/ThirdPerson/Maps/ThirdPersonMap.ThirdPersonMap:PersistentLevel.StaticMeshActor_5
 |- Actor Package: /Game/__ExternalActors__/Dynamic/ThirdPerson/Maps/ThirdPersonMap/4/EE/4B4PJTGAL0TF37TDUPIVCS
 |- Actor Path: /Game/Dynamic/ThirdPerson/Maps/ThirdPersonMap.ThirdPersonMap:PersistentLevel.StaticMeshActor_6
 |- Actor Package: /Game/__ExternalActors__/Dynamic/ThirdPerson/Maps/ThirdPersonMap/F/2D/JCPOADM6BB7KBOZ0WWQA8D
 |- Actor Path: /Game/Dynamic/ThirdPerson/Maps/ThirdPersonMap.ThirdPersonMap:PersistentLevel.StaticMeshActor_UAID_08BFB86ED1B9AA5202_2067002007
 |- Actor Package: /Game/__ExternalActors__/Dynamic/ThirdPerson/Maps/ThirdPersonMap/E/6U/6Y9Q8BAFDP5OAO21ESGSDU
 |- Actor Path: /Game/Dynamic/ThirdPerson/Maps/ThirdPersonMap.ThirdPersonMap:PersistentLevel.StaticMeshActor_UAID_08BFB86ED1B9AC5202_1297662361
 |- Actor Package: /Game/__ExternalActors__/Dynamic/ThirdPerson/Maps/ThirdPersonMap/2/YV/5EYSKZ0IOBJ6TYW5D7YGAP
 |- Actor Path: /Game/Dynamic/ThirdPerson/Maps/ThirdPersonMap.ThirdPersonMap:PersistentLevel.StaticMeshActor_UAID_08BFB86ED1B9C44E02_1604606364
 |- Actor Package: /Game/__ExternalActors__/Dynamic/ThirdPerson/Maps/ThirdPersonMap/F/4P/EMVEZZH3ZVJLGMBMER6HMN
 |- Actor Path: /Game/Dynamic/ThirdPerson/Maps/ThirdPersonMap.ThirdPersonMap:PersistentLevel.StaticMeshActor_UAID_4CD717924AA7A75002_1349178368
 |- Actor Package: /Game/__ExternalActors__/Dynamic/ThirdPerson/Maps/ThirdPersonMap/6/W7/1XLDAWJRGCG12W8R624O7A
 |- Actor Path: /Game/Dynamic/ThirdPerson/Maps/ThirdPersonMap.ThirdPersonMap:PersistentLevel.StaticMeshActor_UAID_4CD717924AA7A75002_1659775369
 |- Actor Package: /Game/__ExternalActors__/Dynamic/ThirdPerson/Maps/ThirdPersonMap/1/B9/Q8IBUUUEX5NWWJDARQJCM0
 |- Actor Path: /Game/Dynamic/ThirdPerson/Maps/ThirdPersonMap.ThirdPersonMap:PersistentLevel.StaticMeshActor_UAID_4CD717924AA7A75002_1801142370
 |- Actor Package: /Game/__ExternalActors__/Dynamic/ThirdPerson/Maps/ThirdPersonMap/3/S0/14UNJ6LY2EAUPA20JW6HJX
 |- Actor Path: /Game/Dynamic/ThirdPerson/Maps/ThirdPersonMap.ThirdPersonMap:PersistentLevel.StaticMeshActor_UAID_4CD717924AA7A75002_1917646371
 |- Actor Package: /Game/__ExternalActors__/Dynamic/ThirdPerson/Maps/ThirdPersonMap/B/6B/E00GUHTO2LHNN6UIA6XB40
 |- Actor Path: /Game/Dynamic/ThirdPerson/Maps/ThirdPersonMap.ThirdPersonMap:PersistentLevel.StaticMeshActor_UAID_4CD717924AA7A75002_1983753372
 |- Actor Package: /Game/__ExternalActors__/Dynamic/ThirdPerson/Maps/ThirdPersonMap/B/6E/34KFO4FQ88JSH0B3G5QWAH
 |- Actor Path: /Game/Dynamic/ThirdPerson/Maps/ThirdPersonMap.ThirdPersonMap:PersistentLevel.StaticMeshActor_UAID_4CD717924AA7A75002_2070484374
 |- Actor Package: /Game/__ExternalActors__/Dynamic/ThirdPerson/Maps/ThirdPersonMap/7/NI/Z66ZRF23DPZ8H7WYZ1JYPE
 |- Actor Path: /Game/Dynamic/ThirdPerson/Maps/ThirdPersonMap.ThirdPersonMap:PersistentLevel.StaticMeshActor_UAID_4CD717924AA7A75002_2098700375
 |- Actor Package: /Game/__ExternalActors__/Dynamic/ThirdPerson/Maps/ThirdPersonMap/9/QW/2U918562YCSMCB5ZA1DXVG
 |- Actor Path: /Game/Dynamic/ThirdPerson/Maps/ThirdPersonMap.ThirdPersonMap:PersistentLevel.StaticMeshActor_UAID_4CD717924AA7A85002_1131569552
 |- Actor Package: /Game/__ExternalActors__/Dynamic/ThirdPerson/Maps/ThirdPersonMap/8/OI/3A77RHSI41C301H056K0XL
 |- Actor Path: /Game/Dynamic/ThirdPerson/Maps/ThirdPersonMap.ThirdPersonMap:PersistentLevel.StaticMeshActor_UAID_4CD717924AA7A85002_1469727554
 |- Actor Package: /Game/__ExternalActors__/Dynamic/ThirdPerson/Maps/ThirdPersonMap/2/7V/OPT049P2DA087YUE89M7B7
 |- Actor Path: /Game/Dynamic/ThirdPerson/Maps/ThirdPersonMap.ThirdPersonMap:PersistentLevel.StaticMeshActor_UAID_4CD717924AA7A85002_1596917555
 |- Actor Package: /Game/__ExternalActors__/Dynamic/ThirdPerson/Maps/ThirdPersonMap/7/NB/WK28PD2UK73Z4JX845Q4MR
 |- Actor Path: /Game/Dynamic/ThirdPerson/Maps/ThirdPersonMap.ThirdPersonMap:PersistentLevel.StaticMeshActor_UAID_4CD717924AA7A85002_1611609556
 |- Actor Package: /Game/__ExternalActors__/Dynamic/ThirdPerson/Maps/ThirdPersonMap/3/RR/JJH88NIRY6OZPEDACF9VJY
 |- Actor Path: /Game/Dynamic/ThirdPerson/Maps/ThirdPersonMap.ThirdPersonMap:PersistentLevel.StaticMeshActor_UAID_4CD717924AA7A85002_1624181557
 |- Actor Package: /Game/__ExternalActors__/Dynamic/ThirdPerson/Maps/ThirdPersonMap/C/OF/CDDGA0G6XN8MJL1835LKSY
 |- Actor Path: /Game/Dynamic/ThirdPerson/Maps/ThirdPersonMap.ThirdPersonMap:PersistentLevel.StaticMeshActor_UAID_4CD717924AA7A85002_1678582559
 |- Actor Package: /Game/__ExternalActors__/Dynamic/ThirdPerson/Maps/ThirdPersonMap/2/RR/VKDIV8IX6CPOYJDIAMHVSA
 |- Actor Path: /Game/Dynamic/ThirdPerson/Maps/ThirdPersonMap.ThirdPersonMap:PersistentLevel.StaticMeshActor_UAID_4CD717924AA7A85002_1708626560
 |- Actor Package: /Game/__ExternalActors__/Dynamic/ThirdPerson/Maps/ThirdPersonMap/0/NM/76NPKMU0XQGFKMZ2V1YZ9E
 |- Actor Path: /Game/Dynamic/ThirdPerson/Maps/ThirdPersonMap.ThirdPersonMap:PersistentLevel.StaticMeshActor_UAID_4CD717924AA7A85002_1743229561
 |- Actor Package: /Game/__ExternalActors__/Dynamic/ThirdPerson/Maps/ThirdPersonMap/6/A4/YEJHSYDPX28HSZ6236R0NL
 |- Actor Path: /Game/Dynamic/ThirdPerson/Maps/ThirdPersonMap.ThirdPersonMap:PersistentLevel.StaticMeshActor_UAID_4CD717924AA7A85002_1778259562
 |- Actor Package: /Game/__ExternalActors__/Dynamic/ThirdPerson/Maps/ThirdPersonMap/5/AS/QPOJA44YQDP6QYMV9TD3UI
 |- Actor Path: /Game/Dynamic/ThirdPerson/Maps/ThirdPersonMap.ThirdPersonMap:PersistentLevel.StaticMeshActor_UAID_4CD717924AA7A85002_1842724563
 |- Actor Package: /Game/__ExternalActors__/Dynamic/ThirdPerson/Maps/ThirdPersonMap/A/YB/Y5012DOQ81BL86NQNN7XYW
 |- Actor Path: /Game/Dynamic/ThirdPerson/Maps/ThirdPersonMap.ThirdPersonMap:PersistentLevel.StaticMeshActor_UAID_4CD717924AA7A85002_1891508564
 |- Actor Package: /Game/__ExternalActors__/Dynamic/ThirdPerson/Maps/ThirdPersonMap/E/SS/DSEOP5GAOXNFDTVTQRKRV0
 |- Actor Path: /Game/Dynamic/ThirdPerson/Maps/ThirdPersonMap.ThirdPersonMap:PersistentLevel.StaticMeshActor_UAID_4CD717924AA7A85002_1916738565
 |- Actor Package: /Game/__ExternalActors__/Dynamic/ThirdPerson/Maps/ThirdPersonMap/3/B3/KTHZEFQVB1UHVDJ8K6JMR5
 |- Actor Path: /Game/Dynamic/ThirdPerson/Maps/ThirdPersonMap.ThirdPersonMap:PersistentLevel.StaticMeshActor_UAID_4CD717924AA7A95002_1862468745
 |- Actor Package: /Game/__ExternalActors__/Dynamic/ThirdPerson/Maps/ThirdPersonMap/3/GW/50U15BGN5RBGAE1DKZ6S2J
 |- Actor Path: /Game/Dynamic/ThirdPerson/Maps/ThirdPersonMap.ThirdPersonMap:PersistentLevel.StaticMeshActor_UAID_4CD717924AA7A95002_2008885748
 |- Actor Package: /Game/__ExternalActors__/Dynamic/ThirdPerson/Maps/ThirdPersonMap/7/TQ/XJW1CNF2DKURZ2J3O0HB6A
 |- Actor Path: /Game/Dynamic/ThirdPerson/Maps/ThirdPersonMap.ThirdPersonMap:PersistentLevel.StaticMeshActor_UAID_4CD717924AA7A95002_2021276749
 |- Actor Package: /Game/__ExternalActors__/Dynamic/ThirdPerson/Maps/ThirdPersonMap/D/XA/YU9PFJDT8GL6NZ4FL4BDLH
 |- Actor Path: /Game/Dynamic/ThirdPerson/Maps/ThirdPersonMap.ThirdPersonMap:PersistentLevel.StaticMeshActor_UAID_4CD717924AA7A95002_2043730750
 |- Actor Package: /Game/__ExternalActors__/Dynamic/ThirdPerson/Maps/ThirdPersonMap/5/QQ/EKK94HS196OYCODZJP4XB3
 |- Actor Path: /Game/Dynamic/ThirdPerson/Maps/ThirdPersonMap.ThirdPersonMap:PersistentLevel.VolumetricCloud_0
 |- Actor Package: /Game/__ExternalActors__/Dynamic/ThirdPerson/Maps/ThirdPersonMap/2/7F/6QSNOFE47R5SEJSFXPA5TZ
 |- Actor Path: /Game/Dynamic/ThirdPerson/Maps/ThirdPersonMap.ThirdPersonMap:PersistentLevel.WorldDataLayers
 |- Actor Package: /Game/__ExternalActors__/Dynamic/ThirdPerson/Maps/ThirdPersonMap/4/GR/6LFNHMJGQFA9Y7L62KQUKZ

----------------------------------------------------------------------------------------------------------------
ThirdPersonMap - Runtime Hash Set
----------------------------------------------------------------------------------------------------------------

