[+] Containers:
 |- [+] Container: /Game/ThirdPerson/Maps/ThirdPersonMap
 |   |- [+] ActorDescs:
 |   |   |- Guid:04F2DE83491BACE7AA162BA986CBCCE4 BaseClass: NativeClass:/Script/Engine.StaticMeshActor Name:StaticMeshActor_UAID_4CD717924AA7A85002_1678582559 Label:Cube14 SpatiallyLoaded:1 Bounds:IsValid=true, Min=(X=2645.000 Y=1445.257 Z=722.379), Max=(X=2695.000 Y=1814.743 Z=897.621) RuntimeGrid:None EditorOnly:0 RuntimeOnly:0 HLODRelevant:1 ListedInSceneOutliner:1 IsMainWorldOnly:0
 |   |   |- Guid:0A66855B4E15BB29114CF6917B2D28EC BaseClass: NativeClass:/Script/Engine.PlanarReflection Name:PlanarReflection_UAID_08BFB86ED1B9C44E02_1932767365 Label:PlanarReflection SpatiallyLoaded:1 Bounds:IsValid=true, Min=(X=2728.000 Y=905.000 Z=230.000), Max=(X=2992.000 Y=3905.000 Z=1230.000) RuntimeGrid:None EditorOnly:0 RuntimeOnly:0 HLODRelevant:0 ListedInSceneOutliner:1 IsMainWorldOnly:0
 |   |   |- Guid:12A90F4E49344DC7E87644BE011CD4F4 BaseClass: NativeClass:/Script/Engine.StaticMeshActor Name:StaticMeshActor_UAID_4CD717924AA7A75002_1801142370 Label:Cube4 SpatiallyLoaded:1 Bounds:IsValid=true, Min=(X=2417.500 Y=3865.500 Z=-5.000), Max=(X=2992.500 Y=3990.500 Z=1095.000) RuntimeGrid:None EditorOnly:0 RuntimeOnly:0 HLODRelevant:1 ListedInSceneOutliner:1 IsMainWorldOnly:0
 |   |   |- Guid:1D855BFE430AC1562B86BEBE102060FC BaseClass: NativeClass:/Script/Engine.StaticMeshActor Name:StaticMeshActor_UAID_4CD717924AA7A85002_1891508564 Label:Cube19 SpatiallyLoaded:1 Bounds:IsValid=true, Min=(X=2722.500 Y=3992.500 Z=0.000), Max=(X=2897.500 Y=4167.500 Z=150.000) RuntimeGrid:None EditorOnly:0 RuntimeOnly:0 HLODRelevant:1 ListedInSceneOutliner:1 IsMainWorldOnly:0
 |   |   |- Guid:2887E2BA4608F7FCC1303F8EEC1B1719 BaseClass: NativeClass:/Script/Engine.StaticMeshActor Name:StaticMeshActor_UAID_4CD717924AA7A85002_1596917555 Label:Cube11 SpatiallyLoaded:1 Bounds:IsValid=true, Min=(X=2620.000 Y=1420.000 Z=557.500), Max=(X=2720.000 Y=1520.000 Z=582.500) RuntimeGrid:None EditorOnly:0 RuntimeOnly:0 HLODRelevant:1 ListedInSceneOutliner:1 IsMainWorldOnly:0
 |   |   |- Guid:2FB58999456391D349DC0F86DAC136ED BaseClass: NativeClass:/Script/Engine.SkyLight Name:SkyLight_1 Label:SkyLight SpatiallyLoaded:0 Bounds:IsValid=true, Min=(X=2977.512 Y=2095.085 Z=739.696), Max=(X=2977.512 Y=2095.085 Z=739.696) RuntimeGrid:None EditorOnly:0 RuntimeOnly:0 HLODRelevant:0 ListedInSceneOutliner:1 IsMainWorldOnly:0 FolderPath:Lighting FolderGuid:963EC3EB4002CCE9759E2EBA541A873A
 |   |   |- Guid:316CF2A6494ACA4C0E4180A87D36AB8F BaseClass: NativeClass:/Script/Engine.ExponentialHeightFog Name:ExponentialHeightFog_0 Label:ExponentialHeightFog SpatiallyLoaded:0 Bounds:IsValid=true, Min=(X=-5600.000 Y=-50.000 Z=-6850.000), Max=(X=-5600.000 Y=-50.000 Z=-6850.000) RuntimeGrid:None EditorOnly:0 RuntimeOnly:0 HLODRelevant:0 ListedInSceneOutliner:1 IsMainWorldOnly:0 FolderPath:Lighting FolderGuid:963EC3EB4002CCE9759E2EBA541A873A
 |   |   |- Guid:3A0DD0CF4F250AB15F9892838E5EDBC5 BaseClass: NativeClass:/Script/Engine.StaticMeshActor Name:StaticMeshActor_UAID_4CD717924AA7A85002_1842724563 Label:Cube18 SpatiallyLoaded:1 Bounds:IsValid=true, Min=(X=2412.786 Y=4409.850 Z=-5.000), Max=(X=2797.214 Y=4570.150 Z=1095.000) RuntimeGrid:None EditorOnly:0 RuntimeOnly:0 HLODRelevant:1 ListedInSceneOutliner:1 IsMainWorldOnly:0
 |   |   |- Guid:3DAA7BA34C9A35839C3419A54DA9D5F6 BaseClass: NativeClass:/Script/Engine.StaticMeshActor Name:StaticMeshActor_UAID_4CD717924AA7A75002_1349178368 Label:Cube2 SpatiallyLoaded:1 Bounds:IsValid=true, Min=(X=2417.000 Y=1240.500 Z=415.000), Max=(X=2917.000 Y=3865.500 Z=465.000) RuntimeGrid:None EditorOnly:0 RuntimeOnly:0 HLODRelevant:1 ListedInSceneOutliner:1 IsMainWorldOnly:0
 |   |   |- Guid:43815E84492231AFC407F59E3C28176B BaseClass: NativeClass:/Script/Engine.StaticMeshActor Name:StaticMeshActor_4 Label:SM_Cube6 SpatiallyLoaded:1 Bounds:IsValid=true, Min=(X=2895.000 Y=1240.000 Z=-14.894), Max=(X=2995.000 Y=4815.000 Z=1360.106) RuntimeGrid:None EditorOnly:0 RuntimeOnly:0 HLODRelevant:1 ListedInSceneOutliner:1 IsMainWorldOnly:0 FolderPath:Playground FolderGuid:C73F09FC4215536B1DCE2A9E0A830C70
 |   |   |- Guid:4919CBBC45B51ABD9361529FF6CD8154 BaseClass: NativeClass:/Script/Engine.StaticMeshActor Name:StaticMeshActor_UAID_4CD717924AA7A85002_1916738565 Label:Cube20 SpatiallyLoaded:1 Bounds:IsValid=true, Min=(X=2767.500 Y=4172.500 Z=0.000), Max=(X=2892.500 Y=4297.500 Z=100.000) RuntimeGrid:None EditorOnly:0 RuntimeOnly:0 HLODRelevant:1 ListedInSceneOutliner:1 IsMainWorldOnly:0
 |   |   |- Guid:4D3BE93F4146AAAC8BBE79999D96D57F BaseClass: NativeClass:/Script/Engine.VolumetricCloud Name:VolumetricCloud_0 Label:VolumetricCloud SpatiallyLoaded:0 Bounds:IsValid=true, Min=(X=5170.000 Y=0.000 Z=820.000), Max=(X=5170.000 Y=0.000 Z=820.000) RuntimeGrid:None EditorOnly:0 RuntimeOnly:0 HLODRelevant:0 ListedInSceneOutliner:1 IsMainWorldOnly:0 FolderPath:Lighting FolderGuid:963EC3EB4002CCE9759E2EBA541A873A
 |   |   |- Guid:5905D6BB45C2F337C3DC84A818C6EA41 BaseClass: NativeClass:/Script/Engine.StaticMeshActor Name:StaticMeshActor_UAID_4CD717924AA7A95002_2043730750 Label:Cone2 SpatiallyLoaded:1 Bounds:IsValid=true, Min=(X=2416.692 Y=3663.308 Z=737.548), Max=(X=2663.308 Y=3916.692 Z=942.452) RuntimeGrid:None EditorOnly:0 RuntimeOnly:0 HLODRelevant:1 ListedInSceneOutliner:1 IsMainWorldOnly:0
 |   |   |- Guid:5E83C6C44A82163C30710DB5447769D4 BaseClass: NativeClass:/Script/Engine.StaticMeshActor Name:StaticMeshActor_UAID_4CD717924AA7A85002_1778259562 Label:Cube17 SpatiallyLoaded:1 Bounds:IsValid=true, Min=(X=2762.676 Y=3443.025 Z=457.500), Max=(X=2897.324 Y=3756.975 Z=782.500) RuntimeGrid:None EditorOnly:0 RuntimeOnly:0 HLODRelevant:1 ListedInSceneOutliner:1 IsMainWorldOnly:0
 |   |   |- Guid:6BAF4DDD444C60371492D3919DB42C97 BaseClass: NativeClass:/Script/Engine.WorldDataLayers Name:WorldDataLayers Label:WorldDataLayers SpatiallyLoaded:0 Bounds:IsValid=true, Min=(X=0.000 Y=0.000 Z=0.000), Max=(X=0.000 Y=0.000 Z=0.000) RuntimeGrid:None EditorOnly:0 RuntimeOnly:0 HLODRelevant:0 ListedInSceneOutliner:1 IsMainWorldOnly:1
 |   |   |- Guid:702F16FE41840695C525F1B71443FFE6 BaseClass: NativeClass:/Script/Engine.StaticMeshActor Name:StaticMeshActor_UAID_4CD717924AA7A85002_1469727554 Label:Cube10 SpatiallyLoaded:1 Bounds:IsValid=true, Min=(X=2022.500 Y=2722.500 Z=60.000), Max=(X=2297.500 Y=2997.500 Z=660.000) RuntimeGrid:None EditorOnly:0 RuntimeOnly:0 HLODRelevant:1 ListedInSceneOutliner:1 IsMainWorldOnly:0
 |   |   |- Guid:737C5F1D4F4D16835974DFB7BFCBFE50 BaseClass: NativeClass:/Script/Engine.StaticMeshActor Name:StaticMeshActor_UAID_4CD717924AA7A85002_1708626560 Label:Cube15 SpatiallyLoaded:1 Bounds:IsValid=true, Min=(X=2457.500 Y=3307.500 Z=467.500), Max=(X=2782.500 Y=3632.500 Z=492.500) RuntimeGrid:None EditorOnly:0 RuntimeOnly:0 HLODRelevant:1 ListedInSceneOutliner:1 IsMainWorldOnly:0
 |   |   |- Guid:761E70D7420782B41CD18080D1D737F3 BaseClass: NativeClass:/Script/Engine.SpotLight Name:SpotLight_UAID_08BFB86ED1B9C44E02_1484944363 Label:SpotLight3 SpatiallyLoaded:1 Bounds:IsValid=true, Min=(X=1515.821 Y=3185.821 Z=-1018.357), Max=(X=3684.179 Y=5354.179 Z=1150.000) RuntimeGrid:None EditorOnly:0 RuntimeOnly:0 HLODRelevant:0 ListedInSceneOutliner:1 IsMainWorldOnly:0
 |   |   |- Guid:76D69CEC4A7C6714A02FD88C5C7598AC BaseClass: NativeClass:/Script/Engine.StaticMeshActor Name:StaticMeshActor_UAID_4CD717924AA7A85002_1624181557 Label:Cube13 SpatiallyLoaded:1 Bounds:IsValid=true, Min=(X=2645.000 Y=1605.000 Z=422.500), Max=(X=2695.000 Y=1655.000 Z=797.500) RuntimeGrid:None EditorOnly:0 RuntimeOnly:0 HLODRelevant:1 ListedInSceneOutliner:1 IsMainWorldOnly:0
 |   |   |- Guid:77BE43054DE47BB0ACDBEB85940AAD86 BaseClass: NativeClass:/Script/Engine.StaticMeshActor Name:StaticMeshActor_UAID_4CD717924AA7A75002_1659775369 Label:Cube3 SpatiallyLoaded:1 Bounds:IsValid=true, Min=(X=2417.500 Y=4570.000 Z=-5.000), Max=(X=2992.500 Y=4820.000 Z=1095.000) RuntimeGrid:None EditorOnly:0 RuntimeOnly:0 HLODRelevant:1 ListedInSceneOutliner:1 IsMainWorldOnly:0
 |   |   |- Guid:7C0EE25F40E00DCF1865DBAC9F84ED70 BaseClass: NativeClass:/Script/Engine.StaticMeshActor Name:StaticMeshActor_UAID_08BFB86ED1B9C44E02_1604606364 Label:Cube SpatiallyLoaded:1 Bounds:IsValid=true, Min=(X=2890.000 Y=1280.000 Z=460.000), Max=(X=2940.000 Y=3880.000 Z=1110.000) RuntimeGrid:None EditorOnly:0 RuntimeOnly:0 HLODRelevant:1 ListedInSceneOutliner:1 IsMainWorldOnly:0
 |   |   |- Guid:87B9EFE4438A3C59BA4F72A48676A0CB BaseClass: NativeClass:/Script/Engine.SpotLight Name:SpotLight_UAID_4CD717924AA7A95002_1977957747 Label:SpotLight4 SpatiallyLoaded:1 Bounds:IsValid=true, Min=(X=2210.401 Y=2967.350 Z=-4.451), Max=(X=3240.730 Y=3997.678 Z=1025.878) RuntimeGrid:None EditorOnly:0 RuntimeOnly:0 HLODRelevant:0 ListedInSceneOutliner:1 IsMainWorldOnly:0
 |   |   |- Guid:8B1BB040493F317BBE9D73BC0617BE2B BaseClass: NativeClass:/Script/Engine.StaticMeshActor Name:StaticMeshActor_UAID_4CD717924AA7A95002_2021276749 Label:Cylinder SpatiallyLoaded:1 Bounds:IsValid=true, Min=(X=2491.936 Y=3741.936 Z=500.000), Max=(X=2588.064 Y=3838.064 Z=800.000) RuntimeGrid:None EditorOnly:0 RuntimeOnly:0 HLODRelevant:1 ListedInSceneOutliner:1 IsMainWorldOnly:0
 |   |   |- Guid:8FE739814743671CDE501188A3355994 BaseClass: NativeClass:/Script/Engine.StaticMeshActor Name:StaticMeshActor_UAID_4CD717924AA7A85002_1131569552 Label:Cube9 SpatiallyLoaded:1 Bounds:IsValid=true, Min=(X=2022.500 Y=1792.500 Z=60.000), Max=(X=2297.500 Y=2067.500 Z=660.000) RuntimeGrid:None EditorOnly:0 RuntimeOnly:0 HLODRelevant:1 ListedInSceneOutliner:1 IsMainWorldOnly:0
 |   |   |- Guid:95073DE3447A5AD324BEAFA50EBFD056 BaseClass: NativeClass:/Script/Engine.SpotLight Name:SpotLight_UAID_08BFB86ED1B9C44E02_1373559361 Label:SpotLight SpatiallyLoaded:1 Bounds:IsValid=true, Min=(X=909.345 Y=534.345 Z=-1351.311), Max=(X=3550.655 Y=3175.655 Z=1290.000) RuntimeGrid:None EditorOnly:0 RuntimeOnly:0 HLODRelevant:0 ListedInSceneOutliner:1 IsMainWorldOnly:0
 |   |   |- Guid:967C285B4FD63A80611A3DAEDF1F8960 BaseClass:/Game/ThirdPerson/Blueprints/BP_Player.BP_Player_C NativeClass:/Script/Engine.Character Name:BP_Player_C_UAID_CC28AA0BA081DA4D02_1814789177 Label:BP_Player SpatiallyLoaded:1 Bounds:IsValid=true, Min=(X=1895.000 Y=1422.098 Z=-0.043), Max=(X=1972.183 Y=1495.000 Z=182.234) RuntimeGrid:None EditorOnly:0 RuntimeOnly:0 HLODRelevant:0 ListedInSceneOutliner:1 IsMainWorldOnly:0
 |   |   |- Guid:971A9F814A7740354AED3D856E442591 BaseClass: NativeClass:/Script/Engine.StaticMeshActor Name:StaticMeshActor_UAID_4CD717924AA7A95002_2008885748 Label:Cone SpatiallyLoaded:1 Bounds:IsValid=true, Min=(X=2475.914 Y=3725.914 Z=470.000), Max=(X=2604.086 Y=3854.086 Z=570.000) RuntimeGrid:None EditorOnly:0 RuntimeOnly:0 HLODRelevant:1 ListedInSceneOutliner:1 IsMainWorldOnly:0
 |   |   |- Guid:9CB64F024AD6B57DC7CA028CF5BEB90E BaseClass: NativeClass:/Script/Engine.StaticMeshActor Name:StaticMeshActor_UAID_4CD717924AA7A85002_1611609556 Label:Cube12 SpatiallyLoaded:1 Bounds:IsValid=true, Min=(X=2620.000 Y=1730.000 Z=647.500), Max=(X=2720.000 Y=1830.000 Z=672.500) RuntimeGrid:None EditorOnly:0 RuntimeOnly:0 HLODRelevant:1 ListedInSceneOutliner:1 IsMainWorldOnly:0
 |   |   |- Guid:9E14A5D04F75CBDE07E5F68C6F8A5D5A BaseClass: NativeClass:/Script/Engine.RectLight Name:RectLight_UAID_08BFB86ED1B9C44E02_1227368360 Label:RectLight SpatiallyLoaded:1 Bounds:IsValid=true, Min=(X=774.328 Y=3544.328 Z=-755.672), Max=(X=3365.672 Y=6135.672 Z=1835.672) RuntimeGrid:None EditorOnly:0 RuntimeOnly:0 HLODRelevant:0 ListedInSceneOutliner:1 IsMainWorldOnly:0
 |   |   |- Guid:9E2B2946491BCE2D769F5A9539817B46 BaseClass: NativeClass:/Script/Engine.StaticMeshActor Name:StaticMeshActor_UAID_4CD717924AA7A75002_2070484374 Label:Cube7 SpatiallyLoaded:1 Bounds:IsValid=true, Min=(X=2415.000 Y=1972.500 Z=867.500), Max=(X=2865.000 Y=2197.500 Z=892.500) RuntimeGrid:None EditorOnly:0 RuntimeOnly:0 HLODRelevant:1 ListedInSceneOutliner:1 IsMainWorldOnly:0
 |   |   |- Guid:9E4AD8834D39ADC9A68A59993851E15C BaseClass: NativeClass:/Script/Engine.SpotLight Name:SpotLight_UAID_08BFB86ED1B9C44E02_1470708362 Label:SpotLight2 SpatiallyLoaded:1 Bounds:IsValid=true, Min=(X=909.345 Y=1814.345 Z=-1351.311), Max=(X=3550.655 Y=4455.655 Z=1290.000) RuntimeGrid:None EditorOnly:0 RuntimeOnly:0 HLODRelevant:0 ListedInSceneOutliner:1 IsMainWorldOnly:0
 |   |   |- Guid:A56216954B2165CF0F35A886B537D536 BaseClass: NativeClass:/Script/Engine.StaticMeshActor Name:StaticMeshActor_0 Label:SM_Cube5 SpatiallyLoaded:1 Bounds:IsValid=true, Min=(X=366.683 Y=1164.248 Z=-7.166), Max=(X=466.683 Y=3539.248 Z=792.834) RuntimeGrid:None EditorOnly:0 RuntimeOnly:0 HLODRelevant:1 ListedInSceneOutliner:1 IsMainWorldOnly:0 FolderPath:Playground FolderGuid:C73F09FC4215536B1DCE2A9E0A830C70
 |   |   |- Guid:B33C99A4433929BB5F04EC8621178753 BaseClass: NativeClass:/Script/Engine.StaticMeshActor Name:StaticMeshActor_UAID_4CD717924AA7A75002_1917646371 Label:Cube5 SpatiallyLoaded:1 Bounds:IsValid=true, Min=(X=1780.000 Y=2407.500 Z=5.000), Max=(X=2480.000 Y=2432.500 Z=855.000) RuntimeGrid:None EditorOnly:0 RuntimeOnly:0 HLODRelevant:1 ListedInSceneOutliner:1 IsMainWorldOnly:0
 |   |   |- Guid:B4807FD2481E28F30C8476820E618A43 BaseClass: NativeClass:/Script/Engine.StaticMeshActor Name:StaticMeshActor_UAID_4CD717924AA7A95002_1862468745 Label:Cube21 SpatiallyLoaded:1 Bounds:IsValid=true, Min=(X=1826.664 Y=1393.000 Z=-8.196), Max=(X=2433.336 Y=1443.000 Z=512.196) RuntimeGrid:None EditorOnly:0 RuntimeOnly:0 HLODRelevant:1 ListedInSceneOutliner:1 IsMainWorldOnly:0
 |   |   |- Guid:B785ED2844B84CFB91E7F39FE661CD99 BaseClass: NativeClass:/Script/Engine.DirectionalLight Name:DirectionalLight_0 Label:DirectionalLight SpatiallyLoaded:0 Bounds:Invalid RuntimeGrid:None EditorOnly:0 RuntimeOnly:0 HLODRelevant:0 ListedInSceneOutliner:1 IsMainWorldOnly:0 FolderPath:Lighting FolderGuid:963EC3EB4002CCE9759E2EBA541A873A
 |   |   |- Guid:BC08B79C4EA3C961CFF75EBBE83B367D BaseClass: NativeClass:/Script/Engine.StaticMeshActor Name:StaticMeshActor_5 Label:SM_Cube2 SpatiallyLoaded:1 Bounds:IsValid=true, Min=(X=1645.000 Y=1140.000 Z=-14.894), Max=(X=2995.000 Y=1240.000 Z=1360.106) RuntimeGrid:None EditorOnly:0 RuntimeOnly:0 HLODRelevant:1 ListedInSceneOutliner:1 IsMainWorldOnly:0 FolderPath:Playground FolderGuid:C73F09FC4215536B1DCE2A9E0A830C70
 |   |   |- Guid:CB092F7B472A689A2088FB96378A2FC6 BaseClass: NativeClass:/Script/Engine.StaticMeshActor Name:StaticMeshActor_UAID_4CD717924AA7A75002_1983753372 Label:Cube6 SpatiallyLoaded:1 Bounds:IsValid=true, Min=(X=2415.000 Y=2197.500 Z=467.500), Max=(X=2865.000 Y=2522.500 Z=892.500) RuntimeGrid:None EditorOnly:0 RuntimeOnly:0 HLODRelevant:1 ListedInSceneOutliner:1 IsMainWorldOnly:0
 |   |   |- Guid:CCFF262C46EEFFDF319E7F9539CE697E BaseClass: NativeClass:/Script/Engine.SkyAtmosphere Name:SkyAtmosphere_0 Label:SkyAtmosphere SpatiallyLoaded:0 Bounds:IsValid=true, Min=(X=5700.000 Y=0.000 Z=1020.000), Max=(X=5700.000 Y=0.000 Z=1020.000) RuntimeGrid:None EditorOnly:0 RuntimeOnly:0 HLODRelevant:0 ListedInSceneOutliner:1 IsMainWorldOnly:0 FolderPath:Lighting FolderGuid:963EC3EB4002CCE9759E2EBA541A873A
 |   |   |- Guid:D203702C484CEC5339FACCA7165D264D BaseClass: NativeClass:/Script/Engine.StaticMeshActor Name:StaticMeshActor_UAID_4CD717924AA7A85002_1743229561 Label:Cube16 SpatiallyLoaded:1 Bounds:IsValid=true, Min=(X=2762.676 Y=3143.025 Z=457.500), Max=(X=2897.324 Y=3456.975 Z=782.500) RuntimeGrid:None EditorOnly:0 RuntimeOnly:0 HLODRelevant:1 ListedInSceneOutliner:1 IsMainWorldOnly:0
 |   |   |- Guid:E535242747FC63E38B70F280B502E002 BaseClass: NativeClass:/Script/Engine.StaticMeshActor Name:StaticMeshActor_UAID_4CD717924AA7A75002_2098700375 Label:Cube8 SpatiallyLoaded:1 Bounds:IsValid=true, Min=(X=2415.000 Y=2522.500 Z=867.500), Max=(X=2865.000 Y=2747.500 Z=892.500) RuntimeGrid:None EditorOnly:0 RuntimeOnly:0 HLODRelevant:1 ListedInSceneOutliner:1 IsMainWorldOnly:0
 |   |   |- Guid:F1924B8D48954B30891B2DB6A694F9CC BaseClass: NativeClass:/Script/Engine.StaticMeshActor Name:StaticMeshActor_1 Label:SM_Cube SpatiallyLoaded:1 Bounds:IsValid=true, Min=(X=1775.000 Y=1240.000 Z=-50.000), Max=(X=2900.000 Y=4815.000 Z=0.000) RuntimeGrid:None EditorOnly:0 RuntimeOnly:0 HLODRelevant:1 ListedInSceneOutliner:1 IsMainWorldOnly:0 FolderPath:Playground FolderGuid:C73F09FC4215536B1DCE2A9E0A830C70
 |   |   |- Guid:F72D5B2B4D0D0B1AF117DD895B057737 BaseClass: NativeClass:/Script/Niagara.NiagaraActor Name:NiagaraActor_UAID_08BFB86ED1B9C74E02_1781802887 Label:NS_Dust SpatiallyLoaded:1 Bounds:IsValid=true, Min=(X=2115.000 Y=2215.000 Z=60.000), Max=(X=2465.000 Y=3265.000 Z=760.000) RuntimeGrid:None EditorOnly:0 RuntimeOnly:0 HLODRelevant:0 ListedInSceneOutliner:1 IsMainWorldOnly:0
 |   |   |- Guid:FF698C67459ADB4982D7759C0905EE9F BaseClass: NativeClass:/Script/Engine.StaticMeshActor Name:StaticMeshActor_6 Label:SM_Cube3 SpatiallyLoaded:1 Bounds:IsValid=true, Min=(X=1545.000 Y=4815.000 Z=-15.000), Max=(X=2995.000 Y=4915.000 Z=1360.000) RuntimeGrid:None EditorOnly:0 RuntimeOnly:0 HLODRelevant:1 ListedInSceneOutliner:1 IsMainWorldOnly:0 FolderPath:Playground FolderGuid:C73F09FC4215536B1DCE2A9E0A830C70
 |   |- [+] Clusters:
 |   |   |- [+] [  0]
 |   |   |   |- Guid:04F2DE83491BACE7AA162BA986CBCCE4 BaseClass: NativeClass:/Script/Engine.StaticMeshActor Name:StaticMeshActor_UAID_4CD717924AA7A85002_1678582559 Label:Cube14 SpatiallyLoaded:1 Bounds:IsValid=true, Min=(X=2645.000 Y=1445.257 Z=722.379), Max=(X=2695.000 Y=1814.743 Z=897.621) RuntimeGrid:None EditorOnly:0 RuntimeOnly:0 HLODRelevant:1 ListedInSceneOutliner:1 IsMainWorldOnly:0
 |   |   |- [+] [  1]
 |   |   |   |- Guid:0A66855B4E15BB29114CF6917B2D28EC BaseClass: NativeClass:/Script/Engine.PlanarReflection Name:PlanarReflection_UAID_08BFB86ED1B9C44E02_1932767365 Label:PlanarReflection SpatiallyLoaded:1 Bounds:IsValid=true, Min=(X=2728.000 Y=905.000 Z=230.000), Max=(X=2992.000 Y=3905.000 Z=1230.000) RuntimeGrid:None EditorOnly:0 RuntimeOnly:0 HLODRelevant:0 ListedInSceneOutliner:1 IsMainWorldOnly:0
 |   |   |- [+] [  2]
 |   |   |   |- Guid:12A90F4E49344DC7E87644BE011CD4F4 BaseClass: NativeClass:/Script/Engine.StaticMeshActor Name:StaticMeshActor_UAID_4CD717924AA7A75002_1801142370 Label:Cube4 SpatiallyLoaded:1 Bounds:IsValid=true, Min=(X=2417.500 Y=3865.500 Z=-5.000), Max=(X=2992.500 Y=3990.500 Z=1095.000) RuntimeGrid:None EditorOnly:0 RuntimeOnly:0 HLODRelevant:1 ListedInSceneOutliner:1 IsMainWorldOnly:0
 |   |   |- [+] [  3]
 |   |   |   |- Guid:1D855BFE430AC1562B86BEBE102060FC BaseClass: NativeClass:/Script/Engine.StaticMeshActor Name:StaticMeshActor_UAID_4CD717924AA7A85002_1891508564 Label:Cube19 SpatiallyLoaded:1 Bounds:IsValid=true, Min=(X=2722.500 Y=3992.500 Z=0.000), Max=(X=2897.500 Y=4167.500 Z=150.000) RuntimeGrid:None EditorOnly:0 RuntimeOnly:0 HLODRelevant:1 ListedInSceneOutliner:1 IsMainWorldOnly:0
 |   |   |- [+] [  4]
 |   |   |   |- Guid:2887E2BA4608F7FCC1303F8EEC1B1719 BaseClass: NativeClass:/Script/Engine.StaticMeshActor Name:StaticMeshActor_UAID_4CD717924AA7A85002_1596917555 Label:Cube11 SpatiallyLoaded:1 Bounds:IsValid=true, Min=(X=2620.000 Y=1420.000 Z=557.500), Max=(X=2720.000 Y=1520.000 Z=582.500) RuntimeGrid:None EditorOnly:0 RuntimeOnly:0 HLODRelevant:1 ListedInSceneOutliner:1 IsMainWorldOnly:0
 |   |   |- [+] [  5]
 |   |   |   |- Guid:2FB58999456391D349DC0F86DAC136ED BaseClass: NativeClass:/Script/Engine.SkyLight Name:SkyLight_1 Label:SkyLight SpatiallyLoaded:0 Bounds:IsValid=true, Min=(X=2977.512 Y=2095.085 Z=739.696), Max=(X=2977.512 Y=2095.085 Z=739.696) RuntimeGrid:None EditorOnly:0 RuntimeOnly:0 HLODRelevant:0 ListedInSceneOutliner:1 IsMainWorldOnly:0 FolderPath:Lighting FolderGuid:963EC3EB4002CCE9759E2EBA541A873A
 |   |   |- [+] [  6]
 |   |   |   |- Guid:316CF2A6494ACA4C0E4180A87D36AB8F BaseClass: NativeClass:/Script/Engine.ExponentialHeightFog Name:ExponentialHeightFog_0 Label:ExponentialHeightFog SpatiallyLoaded:0 Bounds:IsValid=true, Min=(X=-5600.000 Y=-50.000 Z=-6850.000), Max=(X=-5600.000 Y=-50.000 Z=-6850.000) RuntimeGrid:None EditorOnly:0 RuntimeOnly:0 HLODRelevant:0 ListedInSceneOutliner:1 IsMainWorldOnly:0 FolderPath:Lighting FolderGuid:963EC3EB4002CCE9759E2EBA541A873A
 |   |   |- [+] [  7]
 |   |   |   |- Guid:3A0DD0CF4F250AB15F9892838E5EDBC5 BaseClass: NativeClass:/Script/Engine.StaticMeshActor Name:StaticMeshActor_UAID_4CD717924AA7A85002_1842724563 Label:Cube18 SpatiallyLoaded:1 Bounds:IsValid=true, Min=(X=2412.786 Y=4409.850 Z=-5.000), Max=(X=2797.214 Y=4570.150 Z=1095.000) RuntimeGrid:None EditorOnly:0 RuntimeOnly:0 HLODRelevant:1 ListedInSceneOutliner:1 IsMainWorldOnly:0
 |   |   |- [+] [  8]
 |   |   |   |- Guid:3DAA7BA34C9A35839C3419A54DA9D5F6 BaseClass: NativeClass:/Script/Engine.StaticMeshActor Name:StaticMeshActor_UAID_4CD717924AA7A75002_1349178368 Label:Cube2 SpatiallyLoaded:1 Bounds:IsValid=true, Min=(X=2417.000 Y=1240.500 Z=415.000), Max=(X=2917.000 Y=3865.500 Z=465.000) RuntimeGrid:None EditorOnly:0 RuntimeOnly:0 HLODRelevant:1 ListedInSceneOutliner:1 IsMainWorldOnly:0
 |   |   |- [+] [  9]
 |   |   |   |- Guid:43815E84492231AFC407F59E3C28176B BaseClass: NativeClass:/Script/Engine.StaticMeshActor Name:StaticMeshActor_4 Label:SM_Cube6 SpatiallyLoaded:1 Bounds:IsValid=true, Min=(X=2895.000 Y=1240.000 Z=-14.894), Max=(X=2995.000 Y=4815.000 Z=1360.106) RuntimeGrid:None EditorOnly:0 RuntimeOnly:0 HLODRelevant:1 ListedInSceneOutliner:1 IsMainWorldOnly:0 FolderPath:Playground FolderGuid:C73F09FC4215536B1DCE2A9E0A830C70
 |   |   |- [+] [ 10]
 |   |   |   |- Guid:4919CBBC45B51ABD9361529FF6CD8154 BaseClass: NativeClass:/Script/Engine.StaticMeshActor Name:StaticMeshActor_UAID_4CD717924AA7A85002_1916738565 Label:Cube20 SpatiallyLoaded:1 Bounds:IsValid=true, Min=(X=2767.500 Y=4172.500 Z=0.000), Max=(X=2892.500 Y=4297.500 Z=100.000) RuntimeGrid:None EditorOnly:0 RuntimeOnly:0 HLODRelevant:1 ListedInSceneOutliner:1 IsMainWorldOnly:0
 |   |   |- [+] [ 11]
 |   |   |   |- Guid:4D3BE93F4146AAAC8BBE79999D96D57F BaseClass: NativeClass:/Script/Engine.VolumetricCloud Name:VolumetricCloud_0 Label:VolumetricCloud SpatiallyLoaded:0 Bounds:IsValid=true, Min=(X=5170.000 Y=0.000 Z=820.000), Max=(X=5170.000 Y=0.000 Z=820.000) RuntimeGrid:None EditorOnly:0 RuntimeOnly:0 HLODRelevant:0 ListedInSceneOutliner:1 IsMainWorldOnly:0 FolderPath:Lighting FolderGuid:963EC3EB4002CCE9759E2EBA541A873A
 |   |   |- [+] [ 12]
 |   |   |   |- Guid:5905D6BB45C2F337C3DC84A818C6EA41 BaseClass: NativeClass:/Script/Engine.StaticMeshActor Name:StaticMeshActor_UAID_4CD717924AA7A95002_2043730750 Label:Cone2 SpatiallyLoaded:1 Bounds:IsValid=true, Min=(X=2416.692 Y=3663.308 Z=737.548), Max=(X=2663.308 Y=3916.692 Z=942.452) RuntimeGrid:None EditorOnly:0 RuntimeOnly:0 HLODRelevant:1 ListedInSceneOutliner:1 IsMainWorldOnly:0
 |   |   |- [+] [ 13]
 |   |   |   |- Guid:5E83C6C44A82163C30710DB5447769D4 BaseClass: NativeClass:/Script/Engine.StaticMeshActor Name:StaticMeshActor_UAID_4CD717924AA7A85002_1778259562 Label:Cube17 SpatiallyLoaded:1 Bounds:IsValid=true, Min=(X=2762.676 Y=3443.025 Z=457.500), Max=(X=2897.324 Y=3756.975 Z=782.500) RuntimeGrid:None EditorOnly:0 RuntimeOnly:0 HLODRelevant:1 ListedInSceneOutliner:1 IsMainWorldOnly:0
 |   |   |- [+] [ 14]
 |   |   |   |- Guid:6BAF4DDD444C60371492D3919DB42C97 BaseClass: NativeClass:/Script/Engine.WorldDataLayers Name:WorldDataLayers Label:WorldDataLayers SpatiallyLoaded:0 Bounds:IsValid=true, Min=(X=0.000 Y=0.000 Z=0.000), Max=(X=0.000 Y=0.000 Z=0.000) RuntimeGrid:None EditorOnly:0 RuntimeOnly:0 HLODRelevant:0 ListedInSceneOutliner:1 IsMainWorldOnly:1
 |   |   |- [+] [ 15]
 |   |   |   |- Guid:702F16FE41840695C525F1B71443FFE6 BaseClass: NativeClass:/Script/Engine.StaticMeshActor Name:StaticMeshActor_UAID_4CD717924AA7A85002_1469727554 Label:Cube10 SpatiallyLoaded:1 Bounds:IsValid=true, Min=(X=2022.500 Y=2722.500 Z=60.000), Max=(X=2297.500 Y=2997.500 Z=660.000) RuntimeGrid:None EditorOnly:0 RuntimeOnly:0 HLODRelevant:1 ListedInSceneOutliner:1 IsMainWorldOnly:0
 |   |   |- [+] [ 16]
 |   |   |   |- Guid:737C5F1D4F4D16835974DFB7BFCBFE50 BaseClass: NativeClass:/Script/Engine.StaticMeshActor Name:StaticMeshActor_UAID_4CD717924AA7A85002_1708626560 Label:Cube15 SpatiallyLoaded:1 Bounds:IsValid=true, Min=(X=2457.500 Y=3307.500 Z=467.500), Max=(X=2782.500 Y=3632.500 Z=492.500) RuntimeGrid:None EditorOnly:0 RuntimeOnly:0 HLODRelevant:1 ListedInSceneOutliner:1 IsMainWorldOnly:0
 |   |   |- [+] [ 17]
 |   |   |   |- Guid:761E70D7420782B41CD18080D1D737F3 BaseClass: NativeClass:/Script/Engine.SpotLight Name:SpotLight_UAID_08BFB86ED1B9C44E02_1484944363 Label:SpotLight3 SpatiallyLoaded:1 Bounds:IsValid=true, Min=(X=1515.821 Y=3185.821 Z=-1018.357), Max=(X=3684.179 Y=5354.179 Z=1150.000) RuntimeGrid:None EditorOnly:0 RuntimeOnly:0 HLODRelevant:0 ListedInSceneOutliner:1 IsMainWorldOnly:0
 |   |   |- [+] [ 18]
 |   |   |   |- Guid:76D69CEC4A7C6714A02FD88C5C7598AC BaseClass: NativeClass:/Script/Engine.StaticMeshActor Name:StaticMeshActor_UAID_4CD717924AA7A85002_1624181557 Label:Cube13 SpatiallyLoaded:1 Bounds:IsValid=true, Min=(X=2645.000 Y=1605.000 Z=422.500), Max=(X=2695.000 Y=1655.000 Z=797.500) RuntimeGrid:None EditorOnly:0 RuntimeOnly:0 HLODRelevant:1 ListedInSceneOutliner:1 IsMainWorldOnly:0
 |   |   |- [+] [ 19]
 |   |   |   |- Guid:77BE43054DE47BB0ACDBEB85940AAD86 BaseClass: NativeClass:/Script/Engine.StaticMeshActor Name:StaticMeshActor_UAID_4CD717924AA7A75002_1659775369 Label:Cube3 SpatiallyLoaded:1 Bounds:IsValid=true, Min=(X=2417.500 Y=4570.000 Z=-5.000), Max=(X=2992.500 Y=4820.000 Z=1095.000) RuntimeGrid:None EditorOnly:0 RuntimeOnly:0 HLODRelevant:1 ListedInSceneOutliner:1 IsMainWorldOnly:0
 |   |   |- [+] [ 20]
 |   |   |   |- Guid:7C0EE25F40E00DCF1865DBAC9F84ED70 BaseClass: NativeClass:/Script/Engine.StaticMeshActor Name:StaticMeshActor_UAID_08BFB86ED1B9C44E02_1604606364 Label:Cube SpatiallyLoaded:1 Bounds:IsValid=true, Min=(X=2890.000 Y=1280.000 Z=460.000), Max=(X=2940.000 Y=3880.000 Z=1110.000) RuntimeGrid:None EditorOnly:0 RuntimeOnly:0 HLODRelevant:1 ListedInSceneOutliner:1 IsMainWorldOnly:0
 |   |   |- [+] [ 21]
 |   |   |   |- Guid:87B9EFE4438A3C59BA4F72A48676A0CB BaseClass: NativeClass:/Script/Engine.SpotLight Name:SpotLight_UAID_4CD717924AA7A95002_1977957747 Label:SpotLight4 SpatiallyLoaded:1 Bounds:IsValid=true, Min=(X=2210.401 Y=2967.350 Z=-4.451), Max=(X=3240.730 Y=3997.678 Z=1025.878) RuntimeGrid:None EditorOnly:0 RuntimeOnly:0 HLODRelevant:0 ListedInSceneOutliner:1 IsMainWorldOnly:0
 |   |   |- [+] [ 22]
 |   |   |   |- Guid:8B1BB040493F317BBE9D73BC0617BE2B BaseClass: NativeClass:/Script/Engine.StaticMeshActor Name:StaticMeshActor_UAID_4CD717924AA7A95002_2021276749 Label:Cylinder SpatiallyLoaded:1 Bounds:IsValid=true, Min=(X=2491.936 Y=3741.936 Z=500.000), Max=(X=2588.064 Y=3838.064 Z=800.000) RuntimeGrid:None EditorOnly:0 RuntimeOnly:0 HLODRelevant:1 ListedInSceneOutliner:1 IsMainWorldOnly:0
 |   |   |- [+] [ 23]
 |   |   |   |- Guid:8FE739814743671CDE501188A3355994 BaseClass: NativeClass:/Script/Engine.StaticMeshActor Name:StaticMeshActor_UAID_4CD717924AA7A85002_1131569552 Label:Cube9 SpatiallyLoaded:1 Bounds:IsValid=true, Min=(X=2022.500 Y=1792.500 Z=60.000), Max=(X=2297.500 Y=2067.500 Z=660.000) RuntimeGrid:None EditorOnly:0 RuntimeOnly:0 HLODRelevant:1 ListedInSceneOutliner:1 IsMainWorldOnly:0
 |   |   |- [+] [ 24]
 |   |   |   |- Guid:95073DE3447A5AD324BEAFA50EBFD056 BaseClass: NativeClass:/Script/Engine.SpotLight Name:SpotLight_UAID_08BFB86ED1B9C44E02_1373559361 Label:SpotLight SpatiallyLoaded:1 Bounds:IsValid=true, Min=(X=909.345 Y=534.345 Z=-1351.311), Max=(X=3550.655 Y=3175.655 Z=1290.000) RuntimeGrid:None EditorOnly:0 RuntimeOnly:0 HLODRelevant:0 ListedInSceneOutliner:1 IsMainWorldOnly:0
 |   |   |- [+] [ 25]
 |   |   |   |- Guid:967C285B4FD63A80611A3DAEDF1F8960 BaseClass:/Game/ThirdPerson/Blueprints/BP_Player.BP_Player_C NativeClass:/Script/Engine.Character Name:BP_Player_C_UAID_CC28AA0BA081DA4D02_1814789177 Label:BP_Player SpatiallyLoaded:1 Bounds:IsValid=true, Min=(X=1895.000 Y=1422.098 Z=-0.043), Max=(X=1972.183 Y=1495.000 Z=182.234) RuntimeGrid:None EditorOnly:0 RuntimeOnly:0 HLODRelevant:0 ListedInSceneOutliner:1 IsMainWorldOnly:0
 |   |   |- [+] [ 26]
 |   |   |   |- Guid:971A9F814A7740354AED3D856E442591 BaseClass: NativeClass:/Script/Engine.StaticMeshActor Name:StaticMeshActor_UAID_4CD717924AA7A95002_2008885748 Label:Cone SpatiallyLoaded:1 Bounds:IsValid=true, Min=(X=2475.914 Y=3725.914 Z=470.000), Max=(X=2604.086 Y=3854.086 Z=570.000) RuntimeGrid:None EditorOnly:0 RuntimeOnly:0 HLODRelevant:1 ListedInSceneOutliner:1 IsMainWorldOnly:0
 |   |   |- [+] [ 27]
 |   |   |   |- Guid:9CB64F024AD6B57DC7CA028CF5BEB90E BaseClass: NativeClass:/Script/Engine.StaticMeshActor Name:StaticMeshActor_UAID_4CD717924AA7A85002_1611609556 Label:Cube12 SpatiallyLoaded:1 Bounds:IsValid=true, Min=(X=2620.000 Y=1730.000 Z=647.500), Max=(X=2720.000 Y=1830.000 Z=672.500) RuntimeGrid:None EditorOnly:0 RuntimeOnly:0 HLODRelevant:1 ListedInSceneOutliner:1 IsMainWorldOnly:0
 |   |   |- [+] [ 28]
 |   |   |   |- Guid:9E14A5D04F75CBDE07E5F68C6F8A5D5A BaseClass: NativeClass:/Script/Engine.RectLight Name:RectLight_UAID_08BFB86ED1B9C44E02_1227368360 Label:RectLight SpatiallyLoaded:1 Bounds:IsValid=true, Min=(X=774.328 Y=3544.328 Z=-755.672), Max=(X=3365.672 Y=6135.672 Z=1835.672) RuntimeGrid:None EditorOnly:0 RuntimeOnly:0 HLODRelevant:0 ListedInSceneOutliner:1 IsMainWorldOnly:0
 |   |   |- [+] [ 29]
 |   |   |   |- Guid:9E2B2946491BCE2D769F5A9539817B46 BaseClass: NativeClass:/Script/Engine.StaticMeshActor Name:StaticMeshActor_UAID_4CD717924AA7A75002_2070484374 Label:Cube7 SpatiallyLoaded:1 Bounds:IsValid=true, Min=(X=2415.000 Y=1972.500 Z=867.500), Max=(X=2865.000 Y=2197.500 Z=892.500) RuntimeGrid:None EditorOnly:0 RuntimeOnly:0 HLODRelevant:1 ListedInSceneOutliner:1 IsMainWorldOnly:0
 |   |   |- [+] [ 30]
 |   |   |   |- Guid:9E4AD8834D39ADC9A68A59993851E15C BaseClass: NativeClass:/Script/Engine.SpotLight Name:SpotLight_UAID_08BFB86ED1B9C44E02_1470708362 Label:SpotLight2 SpatiallyLoaded:1 Bounds:IsValid=true, Min=(X=909.345 Y=1814.345 Z=-1351.311), Max=(X=3550.655 Y=4455.655 Z=1290.000) RuntimeGrid:None EditorOnly:0 RuntimeOnly:0 HLODRelevant:0 ListedInSceneOutliner:1 IsMainWorldOnly:0
 |   |   |- [+] [ 31]
 |   |   |   |- Guid:A56216954B2165CF0F35A886B537D536 BaseClass: NativeClass:/Script/Engine.StaticMeshActor Name:StaticMeshActor_0 Label:SM_Cube5 SpatiallyLoaded:1 Bounds:IsValid=true, Min=(X=366.683 Y=1164.248 Z=-7.166), Max=(X=466.683 Y=3539.248 Z=792.834) RuntimeGrid:None EditorOnly:0 RuntimeOnly:0 HLODRelevant:1 ListedInSceneOutliner:1 IsMainWorldOnly:0 FolderPath:Playground FolderGuid:C73F09FC4215536B1DCE2A9E0A830C70
 |   |   |- [+] [ 32]
 |   |   |   |- Guid:B33C99A4433929BB5F04EC8621178753 BaseClass: NativeClass:/Script/Engine.StaticMeshActor Name:StaticMeshActor_UAID_4CD717924AA7A75002_1917646371 Label:Cube5 SpatiallyLoaded:1 Bounds:IsValid=true, Min=(X=1780.000 Y=2407.500 Z=5.000), Max=(X=2480.000 Y=2432.500 Z=855.000) RuntimeGrid:None EditorOnly:0 RuntimeOnly:0 HLODRelevant:1 ListedInSceneOutliner:1 IsMainWorldOnly:0
 |   |   |- [+] [ 33]
 |   |   |   |- Guid:B4807FD2481E28F30C8476820E618A43 BaseClass: NativeClass:/Script/Engine.StaticMeshActor Name:StaticMeshActor_UAID_4CD717924AA7A95002_1862468745 Label:Cube21 SpatiallyLoaded:1 Bounds:IsValid=true, Min=(X=1826.664 Y=1393.000 Z=-8.196), Max=(X=2433.336 Y=1443.000 Z=512.196) RuntimeGrid:None EditorOnly:0 RuntimeOnly:0 HLODRelevant:1 ListedInSceneOutliner:1 IsMainWorldOnly:0
 |   |   |- [+] [ 34]
 |   |   |   |- Guid:B785ED2844B84CFB91E7F39FE661CD99 BaseClass: NativeClass:/Script/Engine.DirectionalLight Name:DirectionalLight_0 Label:DirectionalLight SpatiallyLoaded:0 Bounds:Invalid RuntimeGrid:None EditorOnly:0 RuntimeOnly:0 HLODRelevant:0 ListedInSceneOutliner:1 IsMainWorldOnly:0 FolderPath:Lighting FolderGuid:963EC3EB4002CCE9759E2EBA541A873A
 |   |   |- [+] [ 35]
 |   |   |   |- Guid:BC08B79C4EA3C961CFF75EBBE83B367D BaseClass: NativeClass:/Script/Engine.StaticMeshActor Name:StaticMeshActor_5 Label:SM_Cube2 SpatiallyLoaded:1 Bounds:IsValid=true, Min=(X=1645.000 Y=1140.000 Z=-14.894), Max=(X=2995.000 Y=1240.000 Z=1360.106) RuntimeGrid:None EditorOnly:0 RuntimeOnly:0 HLODRelevant:1 ListedInSceneOutliner:1 IsMainWorldOnly:0 FolderPath:Playground FolderGuid:C73F09FC4215536B1DCE2A9E0A830C70
 |   |   |- [+] [ 36]
 |   |   |   |- Guid:CB092F7B472A689A2088FB96378A2FC6 BaseClass: NativeClass:/Script/Engine.StaticMeshActor Name:StaticMeshActor_UAID_4CD717924AA7A75002_1983753372 Label:Cube6 SpatiallyLoaded:1 Bounds:IsValid=true, Min=(X=2415.000 Y=2197.500 Z=467.500), Max=(X=2865.000 Y=2522.500 Z=892.500) RuntimeGrid:None EditorOnly:0 RuntimeOnly:0 HLODRelevant:1 ListedInSceneOutliner:1 IsMainWorldOnly:0
 |   |   |- [+] [ 37]
 |   |   |   |- Guid:CCFF262C46EEFFDF319E7F9539CE697E BaseClass: NativeClass:/Script/Engine.SkyAtmosphere Name:SkyAtmosphere_0 Label:SkyAtmosphere SpatiallyLoaded:0 Bounds:IsValid=true, Min=(X=5700.000 Y=0.000 Z=1020.000), Max=(X=5700.000 Y=0.000 Z=1020.000) RuntimeGrid:None EditorOnly:0 RuntimeOnly:0 HLODRelevant:0 ListedInSceneOutliner:1 IsMainWorldOnly:0 FolderPath:Lighting FolderGuid:963EC3EB4002CCE9759E2EBA541A873A
 |   |   |- [+] [ 38]
 |   |   |   |- Guid:D203702C484CEC5339FACCA7165D264D BaseClass: NativeClass:/Script/Engine.StaticMeshActor Name:StaticMeshActor_UAID_4CD717924AA7A85002_1743229561 Label:Cube16 SpatiallyLoaded:1 Bounds:IsValid=true, Min=(X=2762.676 Y=3143.025 Z=457.500), Max=(X=2897.324 Y=3456.975 Z=782.500) RuntimeGrid:None EditorOnly:0 RuntimeOnly:0 HLODRelevant:1 ListedInSceneOutliner:1 IsMainWorldOnly:0
 |   |   |- [+] [ 39]
 |   |   |   |- Guid:E535242747FC63E38B70F280B502E002 BaseClass: NativeClass:/Script/Engine.StaticMeshActor Name:StaticMeshActor_UAID_4CD717924AA7A75002_2098700375 Label:Cube8 SpatiallyLoaded:1 Bounds:IsValid=true, Min=(X=2415.000 Y=2522.500 Z=867.500), Max=(X=2865.000 Y=2747.500 Z=892.500) RuntimeGrid:None EditorOnly:0 RuntimeOnly:0 HLODRelevant:1 ListedInSceneOutliner:1 IsMainWorldOnly:0
 |   |   |- [+] [ 40]
 |   |   |   |- Guid:F1924B8D48954B30891B2DB6A694F9CC BaseClass: NativeClass:/Script/Engine.StaticMeshActor Name:StaticMeshActor_1 Label:SM_Cube SpatiallyLoaded:1 Bounds:IsValid=true, Min=(X=1775.000 Y=1240.000 Z=-50.000), Max=(X=2900.000 Y=4815.000 Z=0.000) RuntimeGrid:None EditorOnly:0 RuntimeOnly:0 HLODRelevant:1 ListedInSceneOutliner:1 IsMainWorldOnly:0 FolderPath:Playground FolderGuid:C73F09FC4215536B1DCE2A9E0A830C70
 |   |   |- [+] [ 41]
 |   |   |   |- Guid:F72D5B2B4D0D0B1AF117DD895B057737 BaseClass: NativeClass:/Script/Niagara.NiagaraActor Name:NiagaraActor_UAID_08BFB86ED1B9C74E02_1781802887 Label:NS_Dust SpatiallyLoaded:1 Bounds:IsValid=true, Min=(X=2115.000 Y=2215.000 Z=60.000), Max=(X=2465.000 Y=3265.000 Z=760.000) RuntimeGrid:None EditorOnly:0 RuntimeOnly:0 HLODRelevant:0 ListedInSceneOutliner:1 IsMainWorldOnly:0
 |   |   |- [+] [ 42]
 |   |   |   |- Guid:FF698C67459ADB4982D7759C0905EE9F BaseClass: NativeClass:/Script/Engine.StaticMeshActor Name:StaticMeshActor_6 Label:SM_Cube3 SpatiallyLoaded:1 Bounds:IsValid=true, Min=(X=1545.000 Y=4815.000 Z=-15.000), Max=(X=2995.000 Y=4915.000 Z=1360.000) RuntimeGrid:None EditorOnly:0 RuntimeOnly:0 HLODRelevant:1 ListedInSceneOutliner:1 IsMainWorldOnly:0 FolderPath:Playground FolderGuid:C73F09FC4215536B1DCE2A9E0A830C70
 |- ContainerInstances:
 |- [+] MainContainer:
 |   |-        ID: 00000000000000000000000000000000
 |   |-  ParentID: 00000000000000000000000000000000
 |   |-    Bounds: IsValid=false, Min=(X=0.000 Y=0.000 Z=0.000), Max=(X=0.000 Y=0.000 Z=0.000)
 |   |- Transform: 0.000000,0.000000,0.000000|0.000000,0.000000,-0.000000|1.000000,1.000000,1.000000
 |   |- Container: /Game/ThirdPerson/Maps/ThirdPersonMap
----------------------------------------------------------------------------------------------------------------
ThirdPersonMap - Persistent Level
----------------------------------------------------------------------------------------------------------------
[+] Content of ThirdPersonMap Persistent Level
 |- Always loaded Actor Count: 43 
 |- Actor Path: /Game/ThirdPerson/Maps/ThirdPersonMap.ThirdPersonMap:PersistentLevel.BP_Player_C_UAID_CC28AA0BA081DA4D02_1814789177
 |- Actor Package: /Game/__ExternalActors__/ThirdPerson/Maps/ThirdPersonMap/1/RK/0RW9SEMA75U2G6FRXU7EVT
 |- Actor Path: /Game/ThirdPerson/Maps/ThirdPersonMap.ThirdPersonMap:PersistentLevel.DirectionalLight_0
 |- Actor Package: /Game/__ExternalActors__/ThirdPerson/Maps/ThirdPersonMap/5/R1/TS5OQ5CRUWFZYL1ZQ7I416
 |- Actor Path: /Game/ThirdPerson/Maps/ThirdPersonMap.ThirdPersonMap:PersistentLevel.ExponentialHeightFog_0
 |- Actor Package: /Game/__ExternalActors__/ThirdPerson/Maps/ThirdPersonMap/6/J7/N10XDC9G27EMLS5AGZ6AVV
 |- Actor Path: /Game/ThirdPerson/Maps/ThirdPersonMap.ThirdPersonMap:PersistentLevel.NiagaraActor_UAID_08BFB86ED1B9C74E02_1781802887
 |- Actor Package: /Game/__ExternalActors__/ThirdPerson/Maps/ThirdPersonMap/9/JY/5VDQIHVR9YZG4UYVZ1DH9J
 |- Actor Path: /Game/ThirdPerson/Maps/ThirdPersonMap.ThirdPersonMap:PersistentLevel.PlanarReflection_UAID_08BFB86ED1B9C44E02_1932767365
 |- Actor Package: /Game/__ExternalActors__/ThirdPerson/Maps/ThirdPersonMap/1/0V/YO1IWLP4LX56S2EJTEGP2I
 |- Actor Path: /Game/ThirdPerson/Maps/ThirdPersonMap.ThirdPersonMap:PersistentLevel.RectLight_UAID_08BFB86ED1B9C44E02_1227368360
 |- Actor Package: /Game/__ExternalActors__/ThirdPerson/Maps/ThirdPersonMap/5/5Y/HZONIL1HS1G77CDKGMS5KC
 |- Actor Path: /Game/ThirdPerson/Maps/ThirdPersonMap.ThirdPersonMap:PersistentLevel.SkyAtmosphere_0
 |- Actor Package: /Game/__ExternalActors__/ThirdPerson/Maps/ThirdPersonMap/4/LN/30UBDLYFFA5ZR7U4W4L4GG
 |- Actor Path: /Game/ThirdPerson/Maps/ThirdPersonMap.ThirdPersonMap:PersistentLevel.SkyLight_1
 |- Actor Package: /Game/__ExternalActors__/ThirdPerson/Maps/ThirdPersonMap/8/S1/DXUWD12MD3HRWVVXX076BY
 |- Actor Path: /Game/ThirdPerson/Maps/ThirdPersonMap.ThirdPersonMap:PersistentLevel.SpotLight_UAID_08BFB86ED1B9C44E02_1373559361
 |- Actor Package: /Game/__ExternalActors__/ThirdPerson/Maps/ThirdPersonMap/8/ST/KN0GW7UCFKF63QBHFPJN3T
 |- Actor Path: /Game/ThirdPerson/Maps/ThirdPersonMap.ThirdPersonMap:PersistentLevel.SpotLight_UAID_08BFB86ED1B9C44E02_1470708362
 |- Actor Package: /Game/__ExternalActors__/ThirdPerson/Maps/ThirdPersonMap/A/BG/2VQQSF4E7NJ2I656P6WVM9
 |- Actor Path: /Game/ThirdPerson/Maps/ThirdPersonMap.ThirdPersonMap:PersistentLevel.SpotLight_UAID_08BFB86ED1B9C44E02_1484944363
 |- Actor Package: /Game/__ExternalActors__/ThirdPerson/Maps/ThirdPersonMap/6/JA/JTZR2ZKDVFVCPNG56XDW77
 |- Actor Path: /Game/ThirdPerson/Maps/ThirdPersonMap.ThirdPersonMap:PersistentLevel.SpotLight_UAID_4CD717924AA7A95002_1977957747
 |- Actor Package: /Game/__ExternalActors__/ThirdPerson/Maps/ThirdPersonMap/0/AN/11AWOUQ6MDOTTBK7GTX024
 |- Actor Path: /Game/ThirdPerson/Maps/ThirdPersonMap.ThirdPersonMap:PersistentLevel.StaticMeshActor_0
 |- Actor Package: /Game/__ExternalActors__/ThirdPerson/Maps/ThirdPersonMap/A/MS/MRHJREJ6H7USQYWF1KO8F6
 |- Actor Path: /Game/ThirdPerson/Maps/ThirdPersonMap.ThirdPersonMap:PersistentLevel.StaticMeshActor_1
 |- Actor Package: /Game/__ExternalActors__/ThirdPerson/Maps/ThirdPersonMap/6/YO/NG2R9BPZVA7ZDN0Z4VSTG6
 |- Actor Path: /Game/ThirdPerson/Maps/ThirdPersonMap.ThirdPersonMap:PersistentLevel.StaticMeshActor_4
 |- Actor Package: /Game/__ExternalActors__/ThirdPerson/Maps/ThirdPersonMap/5/9Q/U98KGKQ41NJYFOGFQM8ZDY
 |- Actor Path: /Game/ThirdPerson/Maps/ThirdPersonMap.ThirdPersonMap:PersistentLevel.StaticMeshActor_5
 |- Actor Package: /Game/__ExternalActors__/ThirdPerson/Maps/ThirdPersonMap/C/QF/BY1DA5CRGQSAMOTK8RA8KR
 |- Actor Path: /Game/ThirdPerson/Maps/ThirdPersonMap.ThirdPersonMap:PersistentLevel.StaticMeshActor_6
 |- Actor Package: /Game/__ExternalActors__/ThirdPerson/Maps/ThirdPersonMap/D/0G/JNKFA4X9LRMSF343ESPF6Q
 |- Actor Path: /Game/ThirdPerson/Maps/ThirdPersonMap.ThirdPersonMap:PersistentLevel.StaticMeshActor_UAID_08BFB86ED1B9C44E02_1604606364
 |- Actor Package: /Game/__ExternalActors__/ThirdPerson/Maps/ThirdPersonMap/9/GE/WANF3B0QKFD6AX04NG7VI7
 |- Actor Path: /Game/ThirdPerson/Maps/ThirdPersonMap.ThirdPersonMap:PersistentLevel.StaticMeshActor_UAID_4CD717924AA7A75002_1349178368
 |- Actor Package: /Game/__ExternalActors__/ThirdPerson/Maps/ThirdPersonMap/9/GN/0CIYCK8NAGK2YQUQ0PTMVM
 |- Actor Path: /Game/ThirdPerson/Maps/ThirdPersonMap.ThirdPersonMap:PersistentLevel.StaticMeshActor_UAID_4CD717924AA7A75002_1659775369
 |- Actor Package: /Game/__ExternalActors__/ThirdPerson/Maps/ThirdPersonMap/6/8X/RWB3CT70HQ6UYM56CYD42J
 |- Actor Path: /Game/ThirdPerson/Maps/ThirdPersonMap.ThirdPersonMap:PersistentLevel.StaticMeshActor_UAID_4CD717924AA7A75002_1801142370
 |- Actor Package: /Game/__ExternalActors__/ThirdPerson/Maps/ThirdPersonMap/0/BR/SY9FJO5I82BTB6COLJ65D7
 |- Actor Path: /Game/ThirdPerson/Maps/ThirdPersonMap.ThirdPersonMap:PersistentLevel.StaticMeshActor_UAID_4CD717924AA7A75002_1917646371
 |- Actor Package: /Game/__ExternalActors__/ThirdPerson/Maps/ThirdPersonMap/7/40/6EFUZPU0OO9KF8VXUOVKXL
 |- Actor Path: /Game/ThirdPerson/Maps/ThirdPersonMap.ThirdPersonMap:PersistentLevel.StaticMeshActor_UAID_4CD717924AA7A75002_1983753372
 |- Actor Package: /Game/__ExternalActors__/ThirdPerson/Maps/ThirdPersonMap/2/TC/BEV1B18620UITQKR8U7T0I
 |- Actor Path: /Game/ThirdPerson/Maps/ThirdPersonMap.ThirdPersonMap:PersistentLevel.StaticMeshActor_UAID_4CD717924AA7A75002_2070484374
 |- Actor Package: /Game/__ExternalActors__/ThirdPerson/Maps/ThirdPersonMap/3/5A/AFNOUMBEUR6KQEEHNCR99X
 |- Actor Path: /Game/ThirdPerson/Maps/ThirdPersonMap.ThirdPersonMap:PersistentLevel.StaticMeshActor_UAID_4CD717924AA7A75002_2098700375
 |- Actor Package: /Game/__ExternalActors__/ThirdPerson/Maps/ThirdPersonMap/1/IV/W3YJPHYQBJO70H7I6VBSUJ
 |- Actor Path: /Game/ThirdPerson/Maps/ThirdPersonMap.ThirdPersonMap:PersistentLevel.StaticMeshActor_UAID_4CD717924AA7A85002_1131569552
 |- Actor Package: /Game/__ExternalActors__/ThirdPerson/Maps/ThirdPersonMap/C/8B/3GHIGFT18P5GUNODZFE1A9
 |- Actor Path: /Game/ThirdPerson/Maps/ThirdPersonMap.ThirdPersonMap:PersistentLevel.StaticMeshActor_UAID_4CD717924AA7A85002_1469727554
 |- Actor Package: /Game/__ExternalActors__/ThirdPerson/Maps/ThirdPersonMap/9/80/EF4LAJ1DF6OECNLBZ3XXI8
 |- Actor Path: /Game/ThirdPerson/Maps/ThirdPersonMap.ThirdPersonMap:PersistentLevel.StaticMeshActor_UAID_4CD717924AA7A85002_1596917555
 |- Actor Package: /Game/__ExternalActors__/ThirdPerson/Maps/ThirdPersonMap/2/DU/BSRQY8HA67E763MTDVYWLI
 |- Actor Path: /Game/ThirdPerson/Maps/ThirdPersonMap.ThirdPersonMap:PersistentLevel.StaticMeshActor_UAID_4CD717924AA7A85002_1611609556
 |- Actor Package: /Game/__ExternalActors__/ThirdPerson/Maps/ThirdPersonMap/6/9O/2WY593OJIE6XKYLYRYUDH1
 |- Actor Path: /Game/ThirdPerson/Maps/ThirdPersonMap.ThirdPersonMap:PersistentLevel.StaticMeshActor_UAID_4CD717924AA7A85002_1624181557
 |- Actor Package: /Game/__ExternalActors__/ThirdPerson/Maps/ThirdPersonMap/3/YS/5UD7QGKG9THW8VMQ2NGJCG
 |- Actor Path: /Game/ThirdPerson/Maps/ThirdPersonMap.ThirdPersonMap:PersistentLevel.StaticMeshActor_UAID_4CD717924AA7A85002_1678582559
 |- Actor Package: /Game/__ExternalActors__/ThirdPerson/Maps/ThirdPersonMap/5/VC/6V2PA0NVSIV1L8JS3BBCV6
 |- Actor Path: /Game/ThirdPerson/Maps/ThirdPersonMap.ThirdPersonMap:PersistentLevel.StaticMeshActor_UAID_4CD717924AA7A85002_1708626560
 |- Actor Package: /Game/__ExternalActors__/ThirdPerson/Maps/ThirdPersonMap/C/ID/MXIEHUQDQHY5H9K3K60TV2
 |- Actor Path: /Game/ThirdPerson/Maps/ThirdPersonMap.ThirdPersonMap:PersistentLevel.StaticMeshActor_UAID_4CD717924AA7A85002_1743229561
 |- Actor Package: /Game/__ExternalActors__/ThirdPerson/Maps/ThirdPersonMap/4/TT/461IXSA6ZCMB07GTG1ONZ9
 |- Actor Path: /Game/ThirdPerson/Maps/ThirdPersonMap.ThirdPersonMap:PersistentLevel.StaticMeshActor_UAID_4CD717924AA7A85002_1778259562
 |- Actor Package: /Game/__ExternalActors__/ThirdPerson/Maps/ThirdPersonMap/3/LN/WXIZWHWHIAU4I1LCHKP56M
 |- Actor Path: /Game/ThirdPerson/Maps/ThirdPersonMap.ThirdPersonMap:PersistentLevel.StaticMeshActor_UAID_4CD717924AA7A85002_1842724563
 |- Actor Package: /Game/__ExternalActors__/ThirdPerson/Maps/ThirdPersonMap/6/UY/U32TDXQFWX0OA102DLJJHH
 |- Actor Path: /Game/ThirdPerson/Maps/ThirdPersonMap.ThirdPersonMap:PersistentLevel.StaticMeshActor_UAID_4CD717924AA7A85002_1891508564
 |- Actor Package: /Game/__ExternalActors__/ThirdPerson/Maps/ThirdPersonMap/D/BZ/LTYGA3C4RHCRSM425U4LYK
 |- Actor Path: /Game/ThirdPerson/Maps/ThirdPersonMap.ThirdPersonMap:PersistentLevel.StaticMeshActor_UAID_4CD717924AA7A85002_1916738565
 |- Actor Package: /Game/__ExternalActors__/ThirdPerson/Maps/ThirdPersonMap/6/S6/HG4IKTSF0Y1NKVL4S1NE0Z
 |- Actor Path: /Game/ThirdPerson/Maps/ThirdPersonMap.ThirdPersonMap:PersistentLevel.StaticMeshActor_UAID_4CD717924AA7A95002_1862468745
 |- Actor Package: /Game/__ExternalActors__/ThirdPerson/Maps/ThirdPersonMap/2/7T/RG2WMDUS8W2ZBYBMAQMW1M
 |- Actor Path: /Game/ThirdPerson/Maps/ThirdPersonMap.ThirdPersonMap:PersistentLevel.StaticMeshActor_UAID_4CD717924AA7A95002_2008885748
 |- Actor Package: /Game/__ExternalActors__/ThirdPerson/Maps/ThirdPersonMap/1/45/K270P4WR718BHJW8L9UZH4
 |- Actor Path: /Game/ThirdPerson/Maps/ThirdPersonMap.ThirdPersonMap:PersistentLevel.StaticMeshActor_UAID_4CD717924AA7A95002_2021276749
 |- Actor Package: /Game/__ExternalActors__/ThirdPerson/Maps/ThirdPersonMap/9/9W/KO66USFZ339XTKNDWPJCY4
 |- Actor Path: /Game/ThirdPerson/Maps/ThirdPersonMap.ThirdPersonMap:PersistentLevel.StaticMeshActor_UAID_4CD717924AA7A95002_2043730750
 |- Actor Package: /Game/__ExternalActors__/ThirdPerson/Maps/ThirdPersonMap/7/80/BUAEAR7OIO0H80QBY8K5J5
 |- Actor Path: /Game/ThirdPerson/Maps/ThirdPersonMap.ThirdPersonMap:PersistentLevel.VolumetricCloud_0
 |- Actor Package: /Game/__ExternalActors__/ThirdPerson/Maps/ThirdPersonMap/3/EY/87SHEJN5UBEAN2K5OV1G6R
 |- Actor Path: /Game/ThirdPerson/Maps/ThirdPersonMap.ThirdPersonMap:PersistentLevel.WorldDataLayers
 |- Actor Package: /Game/__ExternalActors__/ThirdPerson/Maps/ThirdPersonMap/0/43/HYQWORMY4JDQ5X3OKZXFLC

----------------------------------------------------------------------------------------------------------------
ThirdPersonMap - Runtime Hash Set
----------------------------------------------------------------------------------------------------------------

