[+] Containers:
 |- [+] Container: /Game/Dynamic/ThirdPerson/Maps/ThirdPersonMap
 |   |- [+] ActorDescs:
 |   |   |- Guid:0A66855B4E15BB29114CF6917B2D28EC BaseClass: NativeClass:/Script/Engine.PlanarReflection Name:PlanarReflection_UAID_08BFB86ED1B9C44E02_1932767365 Label:PlanarReflection SpatiallyLoaded:1 Bounds:IsValid=true, Min=(X=2728.000 Y=1295.000 Z=25.000), Max=(X=2992.000 Y=4685.000 Z=635.000) RuntimeGrid:None EditorOnly:0 RuntimeOnly:0 HLODRelevant:0 ListedInSceneOutliner:1 IsMainWorldOnly:0
 |   |   |- Guid:2FB58999456391D349DC0F86DAC136ED BaseClass: NativeClass:/Script/Engine.SkyLight Name:SkyLight_1 Label:SkyLight SpatiallyLoaded:0 Bounds:IsValid=true, Min=(X=2977.512 Y=2095.085 Z=739.696), Max=(X=2977.512 Y=2095.085 Z=739.696) RuntimeGrid:None EditorOnly:0 RuntimeOnly:0 HLODRelevant:0 ListedInSceneOutliner:1 IsMainWorldOnly:0 FolderPath:Lighting FolderGuid:963EC3EB4002CCE9759E2EBA541A873A
 |   |   |- Guid:316CF2A6494ACA4C0E4180A87D36AB8F BaseClass: NativeClass:/Script/Engine.ExponentialHeightFog Name:ExponentialHeightFog_0 Label:ExponentialHeightFog SpatiallyLoaded:0 Bounds:IsValid=true, Min=(X=-5600.000 Y=-50.000 Z=-6850.000), Max=(X=-5600.000 Y=-50.000 Z=-6850.000) RuntimeGrid:None EditorOnly:0 RuntimeOnly:0 HLODRelevant:0 ListedInSceneOutliner:1 IsMainWorldOnly:0 FolderPath:Lighting FolderGuid:963EC3EB4002CCE9759E2EBA541A873A
 |   |   |- Guid:43815E84492231AFC407F59E3C28176B BaseClass: NativeClass:/Script/Engine.StaticMeshActor Name:StaticMeshActor_4 Label:SM_Cube6 SpatiallyLoaded:1 Bounds:IsValid=true, Min=(X=2900.000 Y=1240.000 Z=0.000), Max=(X=3000.000 Y=4815.000 Z=775.000) RuntimeGrid:None EditorOnly:0 RuntimeOnly:0 HLODRelevant:1 ListedInSceneOutliner:1 IsMainWorldOnly:0 FolderPath:Playground FolderGuid:C73F09FC4215536B1DCE2A9E0A830C70
 |   |   |- Guid:4D3BE93F4146AAAC8BBE79999D96D57F BaseClass: NativeClass:/Script/Engine.VolumetricCloud Name:VolumetricCloud_0 Label:VolumetricCloud SpatiallyLoaded:0 Bounds:IsValid=true, Min=(X=5170.000 Y=0.000 Z=820.000), Max=(X=5170.000 Y=0.000 Z=820.000) RuntimeGrid:None EditorOnly:0 RuntimeOnly:0 HLODRelevant:0 ListedInSceneOutliner:1 IsMainWorldOnly:0 FolderPath:Lighting FolderGuid:963EC3EB4002CCE9759E2EBA541A873A
 |   |   |- Guid:6BAF4DDD444C60371492D3919DB42C97 BaseClass: NativeClass:/Script/Engine.WorldDataLayers Name:WorldDataLayers Label:WorldDataLayers SpatiallyLoaded:0 Bounds:Invalid RuntimeGrid:None EditorOnly:0 RuntimeOnly:0 HLODRelevant:0 ListedInSceneOutliner:1 IsMainWorldOnly:1
 |   |   |- Guid:761E70D7420782B41CD18080D1D737F3 BaseClass: NativeClass:/Script/Engine.SpotLight Name:SpotLight_UAID_08BFB86ED1B9C44E02_1484944363 Label:SpotLight3 SpatiallyLoaded:1 Bounds:IsValid=true, Min=(X=1774.918 Y=3404.918 Z=-640.164), Max=(X=3165.082 Y=4795.082 Z=750.000) RuntimeGrid:None EditorOnly:0 RuntimeOnly:0 HLODRelevant:0 ListedInSceneOutliner:1 IsMainWorldOnly:0
 |   |   |- Guid:7C0EE25F40E00DCF1865DBAC9F84ED70 BaseClass: NativeClass:/Script/Engine.StaticMeshActor Name:StaticMeshActor_UAID_08BFB86ED1B9C44E02_1604606364 Label:Cube SpatiallyLoaded:1 Bounds:IsValid=true, Min=(X=2835.000 Y=1340.000 Z=40.000), Max=(X=2885.000 Y=4640.000 Z=640.000) RuntimeGrid:None EditorOnly:0 RuntimeOnly:0 HLODRelevant:1 ListedInSceneOutliner:1 IsMainWorldOnly:0
 |   |   |- Guid:95073DE3447A5AD324BEAFA50EBFD056 BaseClass: NativeClass:/Script/Engine.SpotLight Name:SpotLight_UAID_08BFB86ED1B9C44E02_1373559361 Label:SpotLight SpatiallyLoaded:1 Bounds:IsValid=true, Min=(X=1774.918 Y=1244.918 Z=-640.164), Max=(X=3165.082 Y=2635.082 Z=750.000) RuntimeGrid:None EditorOnly:0 RuntimeOnly:0 HLODRelevant:0 ListedInSceneOutliner:1 IsMainWorldOnly:0
 |   |   |- Guid:967C285B4FD63A80611A3DAEDF1F8960 BaseClass:/Game/Dynamic/ThirdPerson/Blueprints/BP_Player.BP_Player_C NativeClass:/Script/Engine.Character Name:BP_Player_C_UAID_CC28AA0BA081DA4D02_1814789177 Label:BP_Player SpatiallyLoaded:1 Bounds:IsValid=true, Min=(X=2235.000 Y=2362.098 Z=-0.043), Max=(X=2312.183 Y=2435.000 Z=182.234) RuntimeGrid:None EditorOnly:0 RuntimeOnly:0 HLODRelevant:0 ListedInSceneOutliner:1 IsMainWorldOnly:0
 |   |   |- Guid:9E14A5D04F75CBDE07E5F68C6F8A5D5A BaseClass: NativeClass:/Script/Engine.RectLight Name:RectLight_UAID_08BFB86ED1B9C44E02_1227368360 Label:RectLight SpatiallyLoaded:1 Bounds:IsValid=true, Min=(X=1234.328 Y=3574.328 Z=-715.672), Max=(X=3825.672 Y=6165.672 Z=1875.672) RuntimeGrid:None EditorOnly:0 RuntimeOnly:0 HLODRelevant:0 ListedInSceneOutliner:1 IsMainWorldOnly:0
 |   |   |- Guid:9E4AD8834D39ADC9A68A59993851E15C BaseClass: NativeClass:/Script/Engine.SpotLight Name:SpotLight_UAID_08BFB86ED1B9C44E02_1470708362 Label:SpotLight2 SpatiallyLoaded:1 Bounds:IsValid=true, Min=(X=1774.918 Y=2204.918 Z=-640.164), Max=(X=3165.082 Y=3595.082 Z=750.000) RuntimeGrid:None EditorOnly:0 RuntimeOnly:0 HLODRelevant:0 ListedInSceneOutliner:1 IsMainWorldOnly:0
 |   |   |- Guid:A56216954B2165CF0F35A886B537D536 BaseClass: NativeClass:/Script/Engine.StaticMeshActor Name:StaticMeshActor_0 Label:SM_Cube5 SpatiallyLoaded:1 Bounds:IsValid=true, Min=(X=366.683 Y=1164.248 Z=-7.166), Max=(X=466.683 Y=3539.248 Z=792.834) RuntimeGrid:None EditorOnly:0 RuntimeOnly:0 HLODRelevant:1 ListedInSceneOutliner:1 IsMainWorldOnly:0 FolderPath:Playground FolderGuid:C73F09FC4215536B1DCE2A9E0A830C70
 |   |   |- Guid:B785ED2844B84CFB91E7F39FE661CD99 BaseClass: NativeClass:/Script/Engine.DirectionalLight Name:DirectionalLight_0 Label:DirectionalLight SpatiallyLoaded:0 Bounds:Invalid RuntimeGrid:None EditorOnly:0 RuntimeOnly:0 HLODRelevant:0 ListedInSceneOutliner:1 IsMainWorldOnly:0 FolderPath:Lighting FolderGuid:963EC3EB4002CCE9759E2EBA541A873A
 |   |   |- Guid:BC08B79C4EA3C961CFF75EBBE83B367D BaseClass: NativeClass:/Script/Engine.StaticMeshActor Name:StaticMeshActor_5 Label:SM_Cube2 SpatiallyLoaded:1 Bounds:IsValid=true, Min=(X=1650.000 Y=1170.000 Z=0.000), Max=(X=3000.000 Y=1270.000 Z=775.000) RuntimeGrid:None EditorOnly:0 RuntimeOnly:0 HLODRelevant:1 ListedInSceneOutliner:1 IsMainWorldOnly:0 FolderPath:Playground FolderGuid:C73F09FC4215536B1DCE2A9E0A830C70
 |   |   |- Guid:CCFF262C46EEFFDF319E7F9539CE697E BaseClass: NativeClass:/Script/Engine.SkyAtmosphere Name:SkyAtmosphere_0 Label:SkyAtmosphere SpatiallyLoaded:0 Bounds:IsValid=true, Min=(X=5700.000 Y=0.000 Z=1020.000), Max=(X=5700.000 Y=0.000 Z=1020.000) RuntimeGrid:None EditorOnly:0 RuntimeOnly:0 HLODRelevant:0 ListedInSceneOutliner:1 IsMainWorldOnly:0 FolderPath:Lighting FolderGuid:963EC3EB4002CCE9759E2EBA541A873A
 |   |   |- Guid:F1924B8D48954B30891B2DB6A694F9CC BaseClass: NativeClass:/Script/Engine.StaticMeshActor Name:StaticMeshActor_1 Label:SM_Cube SpatiallyLoaded:1 Bounds:IsValid=true, Min=(X=2000.000 Y=1260.000 Z=-50.000), Max=(X=2900.000 Y=4810.000 Z=0.000) RuntimeGrid:None EditorOnly:0 RuntimeOnly:0 HLODRelevant:1 ListedInSceneOutliner:1 IsMainWorldOnly:0 FolderPath:Playground FolderGuid:C73F09FC4215536B1DCE2A9E0A830C70
 |   |   |- Guid:F72D5B2B4D0D0B1AF117DD895B057737 BaseClass: NativeClass:/Script/Niagara.NiagaraActor Name:NiagaraActor_UAID_08BFB86ED1B9C74E02_1781802887 Label:NS_Dust SpatiallyLoaded:1 Bounds:IsValid=true, Min=(X=2420.000 Y=2525.000 Z=120.000), Max=(X=2620.000 Y=3575.000 Z=420.000) RuntimeGrid:None EditorOnly:0 RuntimeOnly:0 HLODRelevant:0 ListedInSceneOutliner:1 IsMainWorldOnly:0
 |   |   |- Guid:FF698C67459ADB4982D7759C0905EE9F BaseClass: NativeClass:/Script/Engine.StaticMeshActor Name:StaticMeshActor_6 Label:SM_Cube3 SpatiallyLoaded:1 Bounds:IsValid=true, Min=(X=1550.000 Y=4810.000 Z=-30.000), Max=(X=3000.000 Y=4910.000 Z=770.000) RuntimeGrid:None EditorOnly:0 RuntimeOnly:0 HLODRelevant:1 ListedInSceneOutliner:1 IsMainWorldOnly:0 FolderPath:Playground FolderGuid:C73F09FC4215536B1DCE2A9E0A830C70
 |   |   |- Guid:FFFE6F044A4486EBDBFD76BA9DDFEC53 BaseClass: NativeClass:/Script/Engine.PostProcessVolume Name:PostProcessVolume_UAID_08BFB86ED1B9C34E02_1114400183 Label:PostProcessVolume SpatiallyLoaded:1 Bounds:IsValid=true, Min=(X=2280.000 Y=2070.000 Z=470.000), Max=(X=2480.000 Y=2270.000 Z=670.000) RuntimeGrid:None EditorOnly:0 RuntimeOnly:0 HLODRelevant:0 ListedInSceneOutliner:1 IsMainWorldOnly:0 FolderPath:Lighting FolderGuid:963EC3EB4002CCE9759E2EBA541A873A
 |   |- [+] Clusters:
 |   |   |- [+] [  0]
 |   |   |   |- Guid:0A66855B4E15BB29114CF6917B2D28EC BaseClass: NativeClass:/Script/Engine.PlanarReflection Name:PlanarReflection_UAID_08BFB86ED1B9C44E02_1932767365 Label:PlanarReflection SpatiallyLoaded:1 Bounds:IsValid=true, Min=(X=2728.000 Y=1295.000 Z=25.000), Max=(X=2992.000 Y=4685.000 Z=635.000) RuntimeGrid:None EditorOnly:0 RuntimeOnly:0 HLODRelevant:0 ListedInSceneOutliner:1 IsMainWorldOnly:0
 |   |   |- [+] [  1]
 |   |   |   |- Guid:2FB58999456391D349DC0F86DAC136ED BaseClass: NativeClass:/Script/Engine.SkyLight Name:SkyLight_1 Label:SkyLight SpatiallyLoaded:0 Bounds:IsValid=true, Min=(X=2977.512 Y=2095.085 Z=739.696), Max=(X=2977.512 Y=2095.085 Z=739.696) RuntimeGrid:None EditorOnly:0 RuntimeOnly:0 HLODRelevant:0 ListedInSceneOutliner:1 IsMainWorldOnly:0 FolderPath:Lighting FolderGuid:963EC3EB4002CCE9759E2EBA541A873A
 |   |   |- [+] [  2]
 |   |   |   |- Guid:316CF2A6494ACA4C0E4180A87D36AB8F BaseClass: NativeClass:/Script/Engine.ExponentialHeightFog Name:ExponentialHeightFog_0 Label:ExponentialHeightFog SpatiallyLoaded:0 Bounds:IsValid=true, Min=(X=-5600.000 Y=-50.000 Z=-6850.000), Max=(X=-5600.000 Y=-50.000 Z=-6850.000) RuntimeGrid:None EditorOnly:0 RuntimeOnly:0 HLODRelevant:0 ListedInSceneOutliner:1 IsMainWorldOnly:0 FolderPath:Lighting FolderGuid:963EC3EB4002CCE9759E2EBA541A873A
 |   |   |- [+] [  3]
 |   |   |   |- Guid:43815E84492231AFC407F59E3C28176B BaseClass: NativeClass:/Script/Engine.StaticMeshActor Name:StaticMeshActor_4 Label:SM_Cube6 SpatiallyLoaded:1 Bounds:IsValid=true, Min=(X=2900.000 Y=1240.000 Z=0.000), Max=(X=3000.000 Y=4815.000 Z=775.000) RuntimeGrid:None EditorOnly:0 RuntimeOnly:0 HLODRelevant:1 ListedInSceneOutliner:1 IsMainWorldOnly:0 FolderPath:Playground FolderGuid:C73F09FC4215536B1DCE2A9E0A830C70
 |   |   |- [+] [  4]
 |   |   |   |- Guid:4D3BE93F4146AAAC8BBE79999D96D57F BaseClass: NativeClass:/Script/Engine.VolumetricCloud Name:VolumetricCloud_0 Label:VolumetricCloud SpatiallyLoaded:0 Bounds:IsValid=true, Min=(X=5170.000 Y=0.000 Z=820.000), Max=(X=5170.000 Y=0.000 Z=820.000) RuntimeGrid:None EditorOnly:0 RuntimeOnly:0 HLODRelevant:0 ListedInSceneOutliner:1 IsMainWorldOnly:0 FolderPath:Lighting FolderGuid:963EC3EB4002CCE9759E2EBA541A873A
 |   |   |- [+] [  5]
 |   |   |   |- Guid:6BAF4DDD444C60371492D3919DB42C97 BaseClass: NativeClass:/Script/Engine.WorldDataLayers Name:WorldDataLayers Label:WorldDataLayers SpatiallyLoaded:0 Bounds:Invalid RuntimeGrid:None EditorOnly:0 RuntimeOnly:0 HLODRelevant:0 ListedInSceneOutliner:1 IsMainWorldOnly:1
 |   |   |- [+] [  6]
 |   |   |   |- Guid:761E70D7420782B41CD18080D1D737F3 BaseClass: NativeClass:/Script/Engine.SpotLight Name:SpotLight_UAID_08BFB86ED1B9C44E02_1484944363 Label:SpotLight3 SpatiallyLoaded:1 Bounds:IsValid=true, Min=(X=1774.918 Y=3404.918 Z=-640.164), Max=(X=3165.082 Y=4795.082 Z=750.000) RuntimeGrid:None EditorOnly:0 RuntimeOnly:0 HLODRelevant:0 ListedInSceneOutliner:1 IsMainWorldOnly:0
 |   |   |- [+] [  7]
 |   |   |   |- Guid:7C0EE25F40E00DCF1865DBAC9F84ED70 BaseClass: NativeClass:/Script/Engine.StaticMeshActor Name:StaticMeshActor_UAID_08BFB86ED1B9C44E02_1604606364 Label:Cube SpatiallyLoaded:1 Bounds:IsValid=true, Min=(X=2835.000 Y=1340.000 Z=40.000), Max=(X=2885.000 Y=4640.000 Z=640.000) RuntimeGrid:None EditorOnly:0 RuntimeOnly:0 HLODRelevant:1 ListedInSceneOutliner:1 IsMainWorldOnly:0
 |   |   |- [+] [  8]
 |   |   |   |- Guid:95073DE3447A5AD324BEAFA50EBFD056 BaseClass: NativeClass:/Script/Engine.SpotLight Name:SpotLight_UAID_08BFB86ED1B9C44E02_1373559361 Label:SpotLight SpatiallyLoaded:1 Bounds:IsValid=true, Min=(X=1774.918 Y=1244.918 Z=-640.164), Max=(X=3165.082 Y=2635.082 Z=750.000) RuntimeGrid:None EditorOnly:0 RuntimeOnly:0 HLODRelevant:0 ListedInSceneOutliner:1 IsMainWorldOnly:0
 |   |   |- [+] [  9]
 |   |   |   |- Guid:967C285B4FD63A80611A3DAEDF1F8960 BaseClass:/Game/Dynamic/ThirdPerson/Blueprints/BP_Player.BP_Player_C NativeClass:/Script/Engine.Character Name:BP_Player_C_UAID_CC28AA0BA081DA4D02_1814789177 Label:BP_Player SpatiallyLoaded:1 Bounds:IsValid=true, Min=(X=2235.000 Y=2362.098 Z=-0.043), Max=(X=2312.183 Y=2435.000 Z=182.234) RuntimeGrid:None EditorOnly:0 RuntimeOnly:0 HLODRelevant:0 ListedInSceneOutliner:1 IsMainWorldOnly:0
 |   |   |- [+] [ 10]
 |   |   |   |- Guid:9E14A5D04F75CBDE07E5F68C6F8A5D5A BaseClass: NativeClass:/Script/Engine.RectLight Name:RectLight_UAID_08BFB86ED1B9C44E02_1227368360 Label:RectLight SpatiallyLoaded:1 Bounds:IsValid=true, Min=(X=1234.328 Y=3574.328 Z=-715.672), Max=(X=3825.672 Y=6165.672 Z=1875.672) RuntimeGrid:None EditorOnly:0 RuntimeOnly:0 HLODRelevant:0 ListedInSceneOutliner:1 IsMainWorldOnly:0
 |   |   |- [+] [ 11]
 |   |   |   |- Guid:9E4AD8834D39ADC9A68A59993851E15C BaseClass: NativeClass:/Script/Engine.SpotLight Name:SpotLight_UAID_08BFB86ED1B9C44E02_1470708362 Label:SpotLight2 SpatiallyLoaded:1 Bounds:IsValid=true, Min=(X=1774.918 Y=2204.918 Z=-640.164), Max=(X=3165.082 Y=3595.082 Z=750.000) RuntimeGrid:None EditorOnly:0 RuntimeOnly:0 HLODRelevant:0 ListedInSceneOutliner:1 IsMainWorldOnly:0
 |   |   |- [+] [ 12]
 |   |   |   |- Guid:A56216954B2165CF0F35A886B537D536 BaseClass: NativeClass:/Script/Engine.StaticMeshActor Name:StaticMeshActor_0 Label:SM_Cube5 SpatiallyLoaded:1 Bounds:IsValid=true, Min=(X=366.683 Y=1164.248 Z=-7.166), Max=(X=466.683 Y=3539.248 Z=792.834) RuntimeGrid:None EditorOnly:0 RuntimeOnly:0 HLODRelevant:1 ListedInSceneOutliner:1 IsMainWorldOnly:0 FolderPath:Playground FolderGuid:C73F09FC4215536B1DCE2A9E0A830C70
 |   |   |- [+] [ 13]
 |   |   |   |- Guid:B785ED2844B84CFB91E7F39FE661CD99 BaseClass: NativeClass:/Script/Engine.DirectionalLight Name:DirectionalLight_0 Label:DirectionalLight SpatiallyLoaded:0 Bounds:Invalid RuntimeGrid:None EditorOnly:0 RuntimeOnly:0 HLODRelevant:0 ListedInSceneOutliner:1 IsMainWorldOnly:0 FolderPath:Lighting FolderGuid:963EC3EB4002CCE9759E2EBA541A873A
 |   |   |- [+] [ 14]
 |   |   |   |- Guid:BC08B79C4EA3C961CFF75EBBE83B367D BaseClass: NativeClass:/Script/Engine.StaticMeshActor Name:StaticMeshActor_5 Label:SM_Cube2 SpatiallyLoaded:1 Bounds:IsValid=true, Min=(X=1650.000 Y=1170.000 Z=0.000), Max=(X=3000.000 Y=1270.000 Z=775.000) RuntimeGrid:None EditorOnly:0 RuntimeOnly:0 HLODRelevant:1 ListedInSceneOutliner:1 IsMainWorldOnly:0 FolderPath:Playground FolderGuid:C73F09FC4215536B1DCE2A9E0A830C70
 |   |   |- [+] [ 15]
 |   |   |   |- Guid:CCFF262C46EEFFDF319E7F9539CE697E BaseClass: NativeClass:/Script/Engine.SkyAtmosphere Name:SkyAtmosphere_0 Label:SkyAtmosphere SpatiallyLoaded:0 Bounds:IsValid=true, Min=(X=5700.000 Y=0.000 Z=1020.000), Max=(X=5700.000 Y=0.000 Z=1020.000) RuntimeGrid:None EditorOnly:0 RuntimeOnly:0 HLODRelevant:0 ListedInSceneOutliner:1 IsMainWorldOnly:0 FolderPath:Lighting FolderGuid:963EC3EB4002CCE9759E2EBA541A873A
 |   |   |- [+] [ 16]
 |   |   |   |- Guid:F1924B8D48954B30891B2DB6A694F9CC BaseClass: NativeClass:/Script/Engine.StaticMeshActor Name:StaticMeshActor_1 Label:SM_Cube SpatiallyLoaded:1 Bounds:IsValid=true, Min=(X=2000.000 Y=1260.000 Z=-50.000), Max=(X=2900.000 Y=4810.000 Z=0.000) RuntimeGrid:None EditorOnly:0 RuntimeOnly:0 HLODRelevant:1 ListedInSceneOutliner:1 IsMainWorldOnly:0 FolderPath:Playground FolderGuid:C73F09FC4215536B1DCE2A9E0A830C70
 |   |   |- [+] [ 17]
 |   |   |   |- Guid:F72D5B2B4D0D0B1AF117DD895B057737 BaseClass: NativeClass:/Script/Niagara.NiagaraActor Name:NiagaraActor_UAID_08BFB86ED1B9C74E02_1781802887 Label:NS_Dust SpatiallyLoaded:1 Bounds:IsValid=true, Min=(X=2420.000 Y=2525.000 Z=120.000), Max=(X=2620.000 Y=3575.000 Z=420.000) RuntimeGrid:None EditorOnly:0 RuntimeOnly:0 HLODRelevant:0 ListedInSceneOutliner:1 IsMainWorldOnly:0
 |   |   |- [+] [ 18]
 |   |   |   |- Guid:FF698C67459ADB4982D7759C0905EE9F BaseClass: NativeClass:/Script/Engine.StaticMeshActor Name:StaticMeshActor_6 Label:SM_Cube3 SpatiallyLoaded:1 Bounds:IsValid=true, Min=(X=1550.000 Y=4810.000 Z=-30.000), Max=(X=3000.000 Y=4910.000 Z=770.000) RuntimeGrid:None EditorOnly:0 RuntimeOnly:0 HLODRelevant:1 ListedInSceneOutliner:1 IsMainWorldOnly:0 FolderPath:Playground FolderGuid:C73F09FC4215536B1DCE2A9E0A830C70
 |   |   |- [+] [ 19]
 |   |   |   |- Guid:FFFE6F044A4486EBDBFD76BA9DDFEC53 BaseClass: NativeClass:/Script/Engine.PostProcessVolume Name:PostProcessVolume_UAID_08BFB86ED1B9C34E02_1114400183 Label:PostProcessVolume SpatiallyLoaded:1 Bounds:IsValid=true, Min=(X=2280.000 Y=2070.000 Z=470.000), Max=(X=2480.000 Y=2270.000 Z=670.000) RuntimeGrid:None EditorOnly:0 RuntimeOnly:0 HLODRelevant:0 ListedInSceneOutliner:1 IsMainWorldOnly:0 FolderPath:Lighting FolderGuid:963EC3EB4002CCE9759E2EBA541A873A
 |- ContainerInstances:
 |- [+] MainContainer:
 |   |-        ID: 00000000000000000000000000000000
 |   |-  ParentID: 00000000000000000000000000000000
 |   |-    Bounds: IsValid=false, Min=(X=0.000 Y=0.000 Z=0.000), Max=(X=0.000 Y=0.000 Z=0.000)
 |   |- Transform: 0.000000,0.000000,0.000000|0.000000,0.000000,-0.000000|1.000000,1.000000,1.000000
 |   |- Container: /Game/Dynamic/ThirdPerson/Maps/ThirdPersonMap
----------------------------------------------------------------------------------------------------------------
ThirdPersonMap - Persistent Level
----------------------------------------------------------------------------------------------------------------
[+] Content of ThirdPersonMap Persistent Level
 |- Always loaded Actor Count: 20 
 |- Actor Path: /Game/Dynamic/ThirdPerson/Maps/ThirdPersonMap.ThirdPersonMap:PersistentLevel.BP_Player_C_UAID_CC28AA0BA081DA4D02_1814789177
 |- Actor Package: /Game/__ExternalActors__/Dynamic/ThirdPerson/Maps/ThirdPersonMap/5/4H/YXWMHAVMO1Z2VHL22X6F63
 |- Actor Path: /Game/Dynamic/ThirdPerson/Maps/ThirdPersonMap.ThirdPersonMap:PersistentLevel.DirectionalLight_0
 |- Actor Package: /Game/__ExternalActors__/Dynamic/ThirdPerson/Maps/ThirdPersonMap/F/30/7D3GQGGQ1M0FL6AXFZCHN5
 |- Actor Path: /Game/Dynamic/ThirdPerson/Maps/ThirdPersonMap.ThirdPersonMap:PersistentLevel.ExponentialHeightFog_0
 |- Actor Package: /Game/__ExternalActors__/Dynamic/ThirdPerson/Maps/ThirdPersonMap/E/IL/D7BXRAMTFYBFO3DSZIWWUT
 |- Actor Path: /Game/Dynamic/ThirdPerson/Maps/ThirdPersonMap.ThirdPersonMap:PersistentLevel.NiagaraActor_UAID_08BFB86ED1B9C74E02_1781802887
 |- Actor Package: /Game/__ExternalActors__/Dynamic/ThirdPerson/Maps/ThirdPersonMap/E/8F/3DGMM07BAS56K43Y0ZI2TQ
 |- Actor Path: /Game/Dynamic/ThirdPerson/Maps/ThirdPersonMap.ThirdPersonMap:PersistentLevel.PlanarReflection_UAID_08BFB86ED1B9C44E02_1932767365
 |- Actor Package: /Game/__ExternalActors__/Dynamic/ThirdPerson/Maps/ThirdPersonMap/3/8T/584GXJ1TXWZAGAOTJVTHC2
 |- Actor Path: /Game/Dynamic/ThirdPerson/Maps/ThirdPersonMap.ThirdPersonMap:PersistentLevel.PostProcessVolume_UAID_08BFB86ED1B9C34E02_1114400183
 |- Actor Package: /Game/__ExternalActors__/Dynamic/ThirdPerson/Maps/ThirdPersonMap/B/DC/OQKQ5U9R6615B4ASIPVDMG
 |- Actor Path: /Game/Dynamic/ThirdPerson/Maps/ThirdPersonMap.ThirdPersonMap:PersistentLevel.RectLight_UAID_08BFB86ED1B9C44E02_1227368360
 |- Actor Package: /Game/__ExternalActors__/Dynamic/ThirdPerson/Maps/ThirdPersonMap/7/4L/GBID7HGH9L1KM5PCS73TFH
 |- Actor Path: /Game/Dynamic/ThirdPerson/Maps/ThirdPersonMap.ThirdPersonMap:PersistentLevel.SkyAtmosphere_0
 |- Actor Package: /Game/__ExternalActors__/Dynamic/ThirdPerson/Maps/ThirdPersonMap/B/VT/FGS5DXJK87J9XRGHVVDYQB
 |- Actor Path: /Game/Dynamic/ThirdPerson/Maps/ThirdPersonMap.ThirdPersonMap:PersistentLevel.SkyLight_1
 |- Actor Package: /Game/__ExternalActors__/Dynamic/ThirdPerson/Maps/ThirdPersonMap/1/IE/4V86VD4MF9CUR249X9WIHY
 |- Actor Path: /Game/Dynamic/ThirdPerson/Maps/ThirdPersonMap.ThirdPersonMap:PersistentLevel.SpotLight_UAID_08BFB86ED1B9C44E02_1373559361
 |- Actor Package: /Game/__ExternalActors__/Dynamic/ThirdPerson/Maps/ThirdPersonMap/3/FZ/L5U0KSRIGVPTDHA7ZFZB8H
 |- Actor Path: /Game/Dynamic/ThirdPerson/Maps/ThirdPersonMap.ThirdPersonMap:PersistentLevel.SpotLight_UAID_08BFB86ED1B9C44E02_1470708362
 |- Actor Package: /Game/__ExternalActors__/Dynamic/ThirdPerson/Maps/ThirdPersonMap/3/YP/AS2IPADLLEOW502OE6HP2D
 |- Actor Path: /Game/Dynamic/ThirdPerson/Maps/ThirdPersonMap.ThirdPersonMap:PersistentLevel.SpotLight_UAID_08BFB86ED1B9C44E02_1484944363
 |- Actor Package: /Game/__ExternalActors__/Dynamic/ThirdPerson/Maps/ThirdPersonMap/3/3Z/ORIFH2PZZC0UCT3NA3Y5SL
 |- Actor Path: /Game/Dynamic/ThirdPerson/Maps/ThirdPersonMap.ThirdPersonMap:PersistentLevel.StaticMeshActor_0
 |- Actor Package: /Game/__ExternalActors__/Dynamic/ThirdPerson/Maps/ThirdPersonMap/8/7V/472322PQ73U387W5R9NTSY
 |- Actor Path: /Game/Dynamic/ThirdPerson/Maps/ThirdPersonMap.ThirdPersonMap:PersistentLevel.StaticMeshActor_1
 |- Actor Package: /Game/__ExternalActors__/Dynamic/ThirdPerson/Maps/ThirdPersonMap/E/RG/7LD4KZLSWF279753NSNHN8
 |- Actor Path: /Game/Dynamic/ThirdPerson/Maps/ThirdPersonMap.ThirdPersonMap:PersistentLevel.StaticMeshActor_4
 |- Actor Package: /Game/__ExternalActors__/Dynamic/ThirdPerson/Maps/ThirdPersonMap/9/56/9X0NM7NDYJ62AUQ02GM0GY
 |- Actor Path: /Game/Dynamic/ThirdPerson/Maps/ThirdPersonMap.ThirdPersonMap:PersistentLevel.StaticMeshActor_5
 |- Actor Package: /Game/__ExternalActors__/Dynamic/ThirdPerson/Maps/ThirdPersonMap/4/EE/4B4PJTGAL0TF37TDUPIVCS
 |- Actor Path: /Game/Dynamic/ThirdPerson/Maps/ThirdPersonMap.ThirdPersonMap:PersistentLevel.StaticMeshActor_6
 |- Actor Package: /Game/__ExternalActors__/Dynamic/ThirdPerson/Maps/ThirdPersonMap/F/2D/JCPOADM6BB7KBOZ0WWQA8D
 |- Actor Path: /Game/Dynamic/ThirdPerson/Maps/ThirdPersonMap.ThirdPersonMap:PersistentLevel.StaticMeshActor_UAID_08BFB86ED1B9C44E02_1604606364
 |- Actor Package: /Game/__ExternalActors__/Dynamic/ThirdPerson/Maps/ThirdPersonMap/F/4P/EMVEZZH3ZVJLGMBMER6HMN
 |- Actor Path: /Game/Dynamic/ThirdPerson/Maps/ThirdPersonMap.ThirdPersonMap:PersistentLevel.VolumetricCloud_0
 |- Actor Package: /Game/__ExternalActors__/Dynamic/ThirdPerson/Maps/ThirdPersonMap/2/7F/6QSNOFE47R5SEJSFXPA5TZ
 |- Actor Path: /Game/Dynamic/ThirdPerson/Maps/ThirdPersonMap.ThirdPersonMap:PersistentLevel.WorldDataLayers
 |- Actor Package: /Game/__ExternalActors__/Dynamic/ThirdPerson/Maps/ThirdPersonMap/4/GR/6LFNHMJGQFA9Y7L62KQUKZ

----------------------------------------------------------------------------------------------------------------
ThirdPersonMap - Runtime Hash Set
----------------------------------------------------------------------------------------------------------------

